<?xml version="1.0" encoding="UTF-8"?>
<testsuite xmlns:xsi="http://www.w3.org/2001/XMLSchema-instance" xsi:noNamespaceSchemaLocation="https://maven.apache.org/surefire/maven-surefire-plugin/xsd/surefire-test-report.xsd" version="3.0.2" name="com.example.modfac.controller.LeaveControllerIntegrationTest" time="12.411" tests="6" errors="0" skipped="0" failures="0">
  <properties>
[...]
</properties>
  <testcase name="requestLeave_whenInvalidDto_shouldReturnValidationError" classname="com.example.modfac.controller.LeaveControllerIntegrationTest" time="0.688">
    <system-out><![CDATA[2025-09-05T19:38:06.181+03:00  INFO 47780 --- [           main] t.c.s.AnnotationConfigContextLoaderUtils : Could not detect default configuration classes for test class [com.example.modfac.controller.LeaveControllerIntegrationTest]: LeaveControllerIntegrationTest does not declare any static, non-private, non-final, nested classes annotated with @Configuration.
2025-09-05T19:38:06.184+03:00  INFO 47780 --- [           main] .b.t.c.SpringBootTestContextBootstrapper : Found @SpringBootConfiguration com.example.modfac.ModfacApplication for test class com.example.modfac.controller.LeaveControllerIntegrationTest

  .   ____          _            __ _ _
 /\\ / ___'_ __ _ _(_)_ __  __ _ \ \ \ \
( ( )\___ | '_ | '_| | '_ \/ _` | \ \ \ \
 \\/  ___)| |_)| | | | | || (_| |  ) ) ) )
  '  |____| .__|_| |_|_| |_\__, | / / / /
 =========|_|==============|___/=/_/_/_/

 :: Spring Boot ::                (v3.4.4)

2025-09-05T19:38:06.209+03:00  INFO 47780 --- [           main] c.e.m.c.LeaveControllerIntegrationTest   : Starting LeaveControllerIntegrationTest using Java 21.0.6 with PID 47780 (started by oleksandr.chulkin in C:\Users\oleksandr.chulkin\Documents\repo\modfac)
2025-09-05T19:38:06.209+03:00  INFO 47780 --- [           main] c.e.m.c.LeaveControllerIntegrationTest   : No active profile set, falling back to 1 default profile: "default"
2025-09-05T19:38:06.322+03:00  INFO 47780 --- [           main] .s.d.r.c.RepositoryConfigurationDelegate : Bootstrapping Spring Data MongoDB repositories in DEFAULT mode.
2025-09-05T19:38:06.336+03:00  INFO 47780 --- [           main] .s.d.r.c.RepositoryConfigurationDelegate : Finished Spring Data repository scanning in 13 ms. Found 3 MongoDB repository interfaces.
2025-09-05T19:38:06.404+03:00  INFO 47780 --- [           main] org.mongodb.driver.client                : MongoClient with metadata {"application": {"name": "myAtlasClusterEDU"}, "driver": {"name": "mongo-java-driver|sync|spring-boot", "version": "5.2.1"}, "os": {"type": "Windows", "name": "Windows 11", "architecture": "amd64", "version": "10.0"}, "platform": "Java/Eclipse Adoptium/21.0.6+7-LTS"} created with settings MongoClientSettings{readPreference=primary, writeConcern=WriteConcern{w=majority, wTimeout=null ms, journal=null}, retryWrites=true, retryReads=true, readConcern=ReadConcern{level=null}, credential=MongoCredential{mechanism=null, userName='user', source='admin', password=<hidden>, mechanismProperties=<hidden>}, transportSettings=null, commandListeners=[], codecRegistry=ProvidersCodecRegistry{codecProviders=[ValueCodecProvider{}, BsonValueCodecProvider{}, DBRefCodecProvider{}, DBObjectCodecProvider{}, DocumentCodecProvider{}, CollectionCodecProvider{}, IterableCodecProvider{}, MapCodecProvider{}, GeoJsonCodecProvider{}, GridFSFileCodecProvider{}, Jsr310CodecProvider{}, JsonObjectCodecProvider{}, BsonCodecProvider{}, EnumCodecProvider{}, com.mongodb.client.model.mql.ExpressionCodecProvider@7e69bf78, com.mongodb.Jep395RecordCodecProvider@24d097c8, com.mongodb.KotlinCodecProvider@2f69d246]}, loggerSettings=LoggerSettings{maxDocumentLength=1000}, clusterSettings={hosts=[127.0.0.1:27017], srvHost=pstt.vnida.mongodb.net, srvServiceName=mongodb, mode=MULTIPLE, requiredClusterType=REPLICA_SET, requiredReplicaSetName='atlas-vhs6cs-shard-0', serverSelector='null', clusterListeners='[]', serverSelectionTimeout='30000 ms', localThreshold='15 ms'}, socketSettings=SocketSettings{connectTimeoutMS=10000, readTimeoutMS=0, receiveBufferSize=0, proxySettings=ProxySettings{host=null, port=null, username=null, password=null}}, heartbeatSocketSettings=SocketSettings{connectTimeoutMS=10000, readTimeoutMS=10000, receiveBufferSize=0, proxySettings=ProxySettings{host=null, port=null, username=null, password=null}}, connectionPoolSettings=ConnectionPoolSettings{maxSize=100, minSize=0, maxWaitTimeMS=120000, maxConnectionLifeTimeMS=0, maxConnectionIdleTimeMS=0, maintenanceInitialDelayMS=0, maintenanceFrequencyMS=60000, connectionPoolListeners=[], maxConnecting=2}, serverSettings=ServerSettings{heartbeatFrequencyMS=10000, minHeartbeatFrequencyMS=500, serverMonitoringMode=AUTO, serverListeners='[]', serverMonitorListeners='[]'}, sslSettings=SslSettings{enabled=true, invalidHostNameAllowed=false, context=null}, applicationName='myAtlasClusterEDU', compressorList=[], uuidRepresentation=JAVA_LEGACY, serverApi=null, autoEncryptionSettings=null, dnsClient=null, inetAddressResolver=null, contextProvider=null, timeoutMS=null}
2025-09-05T19:38:06.416+03:00  INFO 47780 --- [ida.mongodb.net] org.mongodb.driver.cluster               : Adding discovered server pstt-shard-00-01.vnida.mongodb.net:27017 to client view of cluster
2025-09-05T19:38:06.418+03:00  INFO 47780 --- [ida.mongodb.net] org.mongodb.driver.cluster               : Adding discovered server pstt-shard-00-00.vnida.mongodb.net:27017 to client view of cluster
2025-09-05T19:38:06.419+03:00  INFO 47780 --- [ida.mongodb.net] org.mongodb.driver.cluster               : Adding discovered server pstt-shard-00-02.vnida.mongodb.net:27017 to client view of cluster
2025-09-05T19:38:06.433+03:00  INFO 47780 --- [           main] org.mongodb.driver.cluster               : Waiting for server to become available for operation with ID 104. Remaining time: 29999 ms. Selector: WritableServerSelector, topology description: {type=REPLICA_SET, servers=[{address=pstt-shard-00-00.vnida.mongodb.net:27017, type=UNKNOWN, state=CONNECTING}, {address=pstt-shard-00-01.vnida.mongodb.net:27017, type=UNKNOWN, state=CONNECTING}, {address=pstt-shard-00-02.vnida.mongodb.net:27017, type=UNKNOWN, state=CONNECTING}].
2025-09-05T19:38:06.621+03:00  INFO 47780 --- [ngodb.net:27017] org.mongodb.driver.cluster               : Monitor thread successfully connected to server with description ServerDescription{address=pstt-shard-00-02.vnida.mongodb.net:27017, type=REPLICA_SET_SECONDARY, cryptd=false, state=CONNECTED, ok=true, minWireVersion=0, maxWireVersion=25, maxDocumentSize=16777216, logicalSessionTimeoutMinutes=30, roundTripTimeNanos=134624500, minRoundTripTimeNanos=0, setName='atlas-vhs6cs-shard-0', canonicalAddress=pstt-shard-00-02.vnida.mongodb.net:27017, hosts=[pstt-shard-00-02.vnida.mongodb.net:27017, pstt-shard-00-00.vnida.mongodb.net:27017, pstt-shard-00-01.vnida.mongodb.net:27017], passives=[], arbiters=[], primary='pstt-shard-00-01.vnida.mongodb.net:27017', tagSet=TagSet{[Tag{name='availabilityZone', value='euw1-az3'}, Tag{name='diskState', value='READY'}, Tag{name='nodeType', value='ELECTABLE'}, Tag{name='provider', value='AWS'}, Tag{name='region', value='EU_WEST_1'}, Tag{name='workloadType', value='OPERATIONAL'}]}, electionId=null, setVersion=147, topologyVersion=TopologyVersion{processId=68b859396df152a897b48f35, counter=3}, lastWriteDate=Fri Sep 05 19:38:06 EEST 2025, lastUpdateTimeNanos=208077020969500}
2025-09-05T19:38:06.629+03:00  INFO 47780 --- [ngodb.net:27017] org.mongodb.driver.cluster               : Monitor thread successfully connected to server with description ServerDescription{address=pstt-shard-00-01.vnida.mongodb.net:27017, type=REPLICA_SET_PRIMARY, cryptd=false, state=CONNECTED, ok=true, minWireVersion=0, maxWireVersion=25, maxDocumentSize=16777216, logicalSessionTimeoutMinutes=30, roundTripTimeNanos=140748200, minRoundTripTimeNanos=0, setName='atlas-vhs6cs-shard-0', canonicalAddress=pstt-shard-00-01.vnida.mongodb.net:27017, hosts=[pstt-shard-00-02.vnida.mongodb.net:27017, pstt-shard-00-00.vnida.mongodb.net:27017, pstt-shard-00-01.vnida.mongodb.net:27017], passives=[], arbiters=[], primary='pstt-shard-00-01.vnida.mongodb.net:27017', tagSet=TagSet{[Tag{name='availabilityZone', value='euw1-az2'}, Tag{name='diskState', value='READY'}, Tag{name='nodeType', value='ELECTABLE'}, Tag{name='provider', value='AWS'}, Tag{name='region', value='EU_WEST_1'}, Tag{name='workloadType', value='OPERATIONAL'}]}, electionId=7fffffff000000000000014d, setVersion=147, topologyVersion=TopologyVersion{processId=68b858ff473a156782756b34, counter=6}, lastWriteDate=Fri Sep 05 19:38:06 EEST 2025, lastUpdateTimeNanos=208077028998000}
2025-09-05T19:38:06.631+03:00  INFO 47780 --- [ngodb.net:27017] org.mongodb.driver.cluster               : Discovered replica set primary pstt-shard-00-01.vnida.mongodb.net:27017 with max election id 7fffffff000000000000014d and max set version 147
2025-09-05T19:38:06.639+03:00  INFO 47780 --- [ngodb.net:27017] org.mongodb.driver.cluster               : Monitor thread successfully connected to server with description ServerDescription{address=pstt-shard-00-00.vnida.mongodb.net:27017, type=REPLICA_SET_SECONDARY, cryptd=false, state=CONNECTED, ok=true, minWireVersion=0, maxWireVersion=25, maxDocumentSize=16777216, logicalSessionTimeoutMinutes=30, roundTripTimeNanos=148600100, minRoundTripTimeNanos=0, setName='atlas-vhs6cs-shard-0', canonicalAddress=pstt-shard-00-00.vnida.mongodb.net:27017, hosts=[pstt-shard-00-02.vnida.mongodb.net:27017, pstt-shard-00-00.vnida.mongodb.net:27017, pstt-shard-00-01.vnida.mongodb.net:27017], passives=[], arbiters=[], primary='pstt-shard-00-01.vnida.mongodb.net:27017', tagSet=TagSet{[Tag{name='availabilityZone', value='euw1-az1'}, Tag{name='diskState', value='READY'}, Tag{name='nodeType', value='ELECTABLE'}, Tag{name='provider', value='AWS'}, Tag{name='region', value='EU_WEST_1'}, Tag{name='workloadType', value='OPERATIONAL'}]}, electionId=null, setVersion=147, topologyVersion=TopologyVersion{processId=68b858c53e3723c5fc10f731, counter=4}, lastWriteDate=Fri Sep 05 19:38:06 EEST 2025, lastUpdateTimeNanos=208077040208000}
2025-09-05T19:38:07.413+03:00  WARN 47780 --- [           main] c.e.modfac.config.MongoDBIndexConfig     : Atlas Search is not supported on the connected MongoDB cluster: Command failed with error 59 (CommandNotFound): 'command not found' on server pstt-shard-00-01.vnida.mongodb.net:27017. The full response is {"ok": 0, "errmsg": "command not found", "code": 59, "codeName": "CommandNotFound"}
2025-09-05T19:38:07.413+03:00  INFO 47780 --- [           main] c.e.modfac.config.MongoDBIndexConfig     : Skipping Atlas Search index creation as the cluster does not support it.
2025-09-05T19:38:07.482+03:00  INFO 47780 --- [           main] r$InitializeUserDetailsManagerConfigurer : Global AuthenticationManager configured with UserDetailsService bean with name customUserDetailsService
2025-09-05T19:38:07.517+03:00 DEBUG 47780 --- [           main] o.s.s.web.DefaultSecurityFilterChain     : Will secure any request with filters: DisableEncodeUrlFilter, WebAsyncManagerIntegrationFilter, SecurityContextHolderFilter, HeaderWriterFilter, CorsFilter, LogoutFilter, JwtAuthenticationFilter, RequestCacheAwareFilter, SecurityContextHolderAwareRequestFilter, AnonymousAuthenticationFilter, SessionManagementFilter, ExceptionTranslationFilter, AuthorizationFilter
2025-09-05T19:38:07.578+03:00  INFO 47780 --- [           main] o.s.b.t.m.w.SpringBootMockServletContext : Initializing Spring TestDispatcherServlet ''
2025-09-05T19:38:07.578+03:00  INFO 47780 --- [           main] o.s.t.web.servlet.TestDispatcherServlet  : Initializing Servlet ''
2025-09-05T19:38:07.578+03:00  INFO 47780 --- [           main] o.s.t.web.servlet.TestDispatcherServlet  : Completed initialization in 0 ms
2025-09-05T19:38:07.585+03:00  INFO 47780 --- [           main] c.e.m.c.LeaveControllerIntegrationTest   : Started LeaveControllerIntegrationTest in 1.397 seconds (process running for 19.207)
2025-09-05T19:38:07.850+03:00 DEBUG 47780 --- [           main] o.s.security.web.FilterChainProxy        : Securing POST /api/leaves
2025-09-05T19:38:07.928+03:00 DEBUG 47780 --- [           main] o.s.security.web.FilterChainProxy        : Secured POST /api/leaves
]]></system-out>
  </testcase>
  <testcase name="requestLeave_whenEndDateBeforeStartDate_shouldReturnBadRequest" classname="com.example.modfac.controller.LeaveControllerIntegrationTest" time="0.618">
    <system-out><![CDATA[
  .   ____          _            __ _ _
 /\\ / ___'_ __ _ _(_)_ __  __ _ \ \ \ \
( ( )\___ | '_ | '_| | '_ \/ _` | \ \ \ \
 \\/  ___)| |_)| | | | | || (_| |  ) ) ) )
  '  |____| .__|_| |_|_| |_\__, | / / / /
 =========|_|==============|___/=/_/_/_/

 :: Spring Boot ::                (v3.4.4)

2025-09-05T19:38:08.308+03:00  INFO 47780 --- [           main] c.e.m.c.LeaveControllerIntegrationTest   : Starting LeaveControllerIntegrationTest using Java 21.0.6 with PID 47780 (started by oleksandr.chulkin in C:\Users\oleksandr.chulkin\Documents\repo\modfac)
2025-09-05T19:38:08.308+03:00  INFO 47780 --- [           main] c.e.m.c.LeaveControllerIntegrationTest   : No active profile set, falling back to 1 default profile: "default"
2025-09-05T19:38:08.440+03:00  INFO 47780 --- [           main] .s.d.r.c.RepositoryConfigurationDelegate : Bootstrapping Spring Data MongoDB repositories in DEFAULT mode.
2025-09-05T19:38:08.455+03:00  INFO 47780 --- [           main] .s.d.r.c.RepositoryConfigurationDelegate : Finished Spring Data repository scanning in 13 ms. Found 3 MongoDB repository interfaces.
2025-09-05T19:38:08.520+03:00  INFO 47780 --- [           main] org.mongodb.driver.client                : MongoClient with metadata {"application": {"name": "myAtlasClusterEDU"}, "driver": {"name": "mongo-java-driver|sync|spring-boot", "version": "5.2.1"}, "os": {"type": "Windows", "name": "Windows 11", "architecture": "amd64", "version": "10.0"}, "platform": "Java/Eclipse Adoptium/21.0.6+7-LTS"} created with settings MongoClientSettings{readPreference=primary, writeConcern=WriteConcern{w=majority, wTimeout=null ms, journal=null}, retryWrites=true, retryReads=true, readConcern=ReadConcern{level=null}, credential=MongoCredential{mechanism=null, userName='user', source='admin', password=<hidden>, mechanismProperties=<hidden>}, transportSettings=null, commandListeners=[], codecRegistry=ProvidersCodecRegistry{codecProviders=[ValueCodecProvider{}, BsonValueCodecProvider{}, DBRefCodecProvider{}, DBObjectCodecProvider{}, DocumentCodecProvider{}, CollectionCodecProvider{}, IterableCodecProvider{}, MapCodecProvider{}, GeoJsonCodecProvider{}, GridFSFileCodecProvider{}, Jsr310CodecProvider{}, JsonObjectCodecProvider{}, BsonCodecProvider{}, EnumCodecProvider{}, com.mongodb.client.model.mql.ExpressionCodecProvider@7e69bf78, com.mongodb.Jep395RecordCodecProvider@24d097c8, com.mongodb.KotlinCodecProvider@2f69d246]}, loggerSettings=LoggerSettings{maxDocumentLength=1000}, clusterSettings={hosts=[127.0.0.1:27017], srvHost=pstt.vnida.mongodb.net, srvServiceName=mongodb, mode=MULTIPLE, requiredClusterType=REPLICA_SET, requiredReplicaSetName='atlas-vhs6cs-shard-0', serverSelector='null', clusterListeners='[]', serverSelectionTimeout='30000 ms', localThreshold='15 ms'}, socketSettings=SocketSettings{connectTimeoutMS=10000, readTimeoutMS=0, receiveBufferSize=0, proxySettings=ProxySettings{host=null, port=null, username=null, password=null}}, heartbeatSocketSettings=SocketSettings{connectTimeoutMS=10000, readTimeoutMS=10000, receiveBufferSize=0, proxySettings=ProxySettings{host=null, port=null, username=null, password=null}}, connectionPoolSettings=ConnectionPoolSettings{maxSize=100, minSize=0, maxWaitTimeMS=120000, maxConnectionLifeTimeMS=0, maxConnectionIdleTimeMS=0, maintenanceInitialDelayMS=0, maintenanceFrequencyMS=60000, connectionPoolListeners=[], maxConnecting=2}, serverSettings=ServerSettings{heartbeatFrequencyMS=10000, minHeartbeatFrequencyMS=500, serverMonitoringMode=AUTO, serverListeners='[]', serverMonitorListeners='[]'}, sslSettings=SslSettings{enabled=true, invalidHostNameAllowed=false, context=null}, applicationName='myAtlasClusterEDU', compressorList=[], uuidRepresentation=JAVA_LEGACY, serverApi=null, autoEncryptionSettings=null, dnsClient=null, inetAddressResolver=null, contextProvider=null, timeoutMS=null}
2025-09-05T19:38:08.528+03:00  INFO 47780 --- [ida.mongodb.net] org.mongodb.driver.cluster               : Adding discovered server pstt-shard-00-01.vnida.mongodb.net:27017 to client view of cluster
2025-09-05T19:38:08.531+03:00  INFO 47780 --- [ida.mongodb.net] org.mongodb.driver.cluster               : Adding discovered server pstt-shard-00-00.vnida.mongodb.net:27017 to client view of cluster
2025-09-05T19:38:08.532+03:00  INFO 47780 --- [ida.mongodb.net] org.mongodb.driver.cluster               : Adding discovered server pstt-shard-00-02.vnida.mongodb.net:27017 to client view of cluster
2025-09-05T19:38:08.553+03:00  INFO 47780 --- [           main] org.mongodb.driver.cluster               : Waiting for server to become available for operation with ID 125. Remaining time: 29999 ms. Selector: WritableServerSelector, topology description: {type=REPLICA_SET, servers=[{address=pstt-shard-00-00.vnida.mongodb.net:27017, type=UNKNOWN, state=CONNECTING}, {address=pstt-shard-00-01.vnida.mongodb.net:27017, type=UNKNOWN, state=CONNECTING}, {address=pstt-shard-00-02.vnida.mongodb.net:27017, type=UNKNOWN, state=CONNECTING}].
2025-09-05T19:38:08.739+03:00  INFO 47780 --- [ngodb.net:27017] org.mongodb.driver.cluster               : Monitor thread successfully connected to server with description ServerDescription{address=pstt-shard-00-00.vnida.mongodb.net:27017, type=REPLICA_SET_SECONDARY, cryptd=false, state=CONNECTED, ok=true, minWireVersion=0, maxWireVersion=25, maxDocumentSize=16777216, logicalSessionTimeoutMinutes=30, roundTripTimeNanos=139442700, minRoundTripTimeNanos=0, setName='atlas-vhs6cs-shard-0', canonicalAddress=pstt-shard-00-00.vnida.mongodb.net:27017, hosts=[pstt-shard-00-02.vnida.mongodb.net:27017, pstt-shard-00-00.vnida.mongodb.net:27017, pstt-shard-00-01.vnida.mongodb.net:27017], passives=[], arbiters=[], primary='pstt-shard-00-01.vnida.mongodb.net:27017', tagSet=TagSet{[Tag{name='availabilityZone', value='euw1-az1'}, Tag{name='diskState', value='READY'}, Tag{name='nodeType', value='ELECTABLE'}, Tag{name='provider', value='AWS'}, Tag{name='region', value='EU_WEST_1'}, Tag{name='workloadType', value='OPERATIONAL'}]}, electionId=null, setVersion=147, topologyVersion=TopologyVersion{processId=68b858c53e3723c5fc10f731, counter=4}, lastWriteDate=Fri Sep 05 19:38:08 EEST 2025, lastUpdateTimeNanos=208079139842000}
2025-09-05T19:38:08.740+03:00  INFO 47780 --- [ngodb.net:27017] org.mongodb.driver.cluster               : Monitor thread successfully connected to server with description ServerDescription{address=pstt-shard-00-02.vnida.mongodb.net:27017, type=REPLICA_SET_SECONDARY, cryptd=false, state=CONNECTED, ok=true, minWireVersion=0, maxWireVersion=25, maxDocumentSize=16777216, logicalSessionTimeoutMinutes=30, roundTripTimeNanos=138125000, minRoundTripTimeNanos=0, setName='atlas-vhs6cs-shard-0', canonicalAddress=pstt-shard-00-02.vnida.mongodb.net:27017, hosts=[pstt-shard-00-02.vnida.mongodb.net:27017, pstt-shard-00-00.vnida.mongodb.net:27017, pstt-shard-00-01.vnida.mongodb.net:27017], passives=[], arbiters=[], primary='pstt-shard-00-01.vnida.mongodb.net:27017', tagSet=TagSet{[Tag{name='availabilityZone', value='euw1-az3'}, Tag{name='diskState', value='READY'}, Tag{name='nodeType', value='ELECTABLE'}, Tag{name='provider', value='AWS'}, Tag{name='region', value='EU_WEST_1'}, Tag{name='workloadType', value='OPERATIONAL'}]}, electionId=null, setVersion=147, topologyVersion=TopologyVersion{processId=68b859396df152a897b48f35, counter=3}, lastWriteDate=Fri Sep 05 19:38:08 EEST 2025, lastUpdateTimeNanos=208079139842000}
2025-09-05T19:38:08.749+03:00  INFO 47780 --- [ngodb.net:27017] org.mongodb.driver.cluster               : Monitor thread successfully connected to server with description ServerDescription{address=pstt-shard-00-01.vnida.mongodb.net:27017, type=REPLICA_SET_PRIMARY, cryptd=false, state=CONNECTED, ok=true, minWireVersion=0, maxWireVersion=25, maxDocumentSize=16777216, logicalSessionTimeoutMinutes=30, roundTripTimeNanos=146442200, minRoundTripTimeNanos=0, setName='atlas-vhs6cs-shard-0', canonicalAddress=pstt-shard-00-01.vnida.mongodb.net:27017, hosts=[pstt-shard-00-02.vnida.mongodb.net:27017, pstt-shard-00-00.vnida.mongodb.net:27017, pstt-shard-00-01.vnida.mongodb.net:27017], passives=[], arbiters=[], primary='pstt-shard-00-01.vnida.mongodb.net:27017', tagSet=TagSet{[Tag{name='availabilityZone', value='euw1-az2'}, Tag{name='diskState', value='READY'}, Tag{name='nodeType', value='ELECTABLE'}, Tag{name='provider', value='AWS'}, Tag{name='region', value='EU_WEST_1'}, Tag{name='workloadType', value='OPERATIONAL'}]}, electionId=7fffffff000000000000014d, setVersion=147, topologyVersion=TopologyVersion{processId=68b858ff473a156782756b34, counter=6}, lastWriteDate=Fri Sep 05 19:38:08 EEST 2025, lastUpdateTimeNanos=208079150002900}
2025-09-05T19:38:08.750+03:00  INFO 47780 --- [ngodb.net:27017] org.mongodb.driver.cluster               : Discovered replica set primary pstt-shard-00-01.vnida.mongodb.net:27017 with max election id 7fffffff000000000000014d and max set version 147
2025-09-05T19:38:09.421+03:00  WARN 47780 --- [           main] c.e.modfac.config.MongoDBIndexConfig     : Atlas Search is not supported on the connected MongoDB cluster: Command failed with error 59 (CommandNotFound): 'command not found' on server pstt-shard-00-01.vnida.mongodb.net:27017. The full response is {"ok": 0, "errmsg": "command not found", "code": 59, "codeName": "CommandNotFound"}
2025-09-05T19:38:09.421+03:00  INFO 47780 --- [           main] c.e.modfac.config.MongoDBIndexConfig     : Skipping Atlas Search index creation as the cluster does not support it.
2025-09-05T19:38:09.506+03:00  INFO 47780 --- [           main] r$InitializeUserDetailsManagerConfigurer : Global AuthenticationManager configured with UserDetailsService bean with name customUserDetailsService
2025-09-05T19:38:09.543+03:00 DEBUG 47780 --- [           main] o.s.s.web.DefaultSecurityFilterChain     : Will secure any request with filters: DisableEncodeUrlFilter, WebAsyncManagerIntegrationFilter, SecurityContextHolderFilter, HeaderWriterFilter, CorsFilter, LogoutFilter, JwtAuthenticationFilter, RequestCacheAwareFilter, SecurityContextHolderAwareRequestFilter, AnonymousAuthenticationFilter, SessionManagementFilter, ExceptionTranslationFilter, AuthorizationFilter
2025-09-05T19:38:09.593+03:00  INFO 47780 --- [           main] o.s.b.t.m.w.SpringBootMockServletContext : Initializing Spring TestDispatcherServlet ''
2025-09-05T19:38:09.593+03:00  INFO 47780 --- [           main] o.s.t.web.servlet.TestDispatcherServlet  : Initializing Servlet ''
2025-09-05T19:38:09.593+03:00  INFO 47780 --- [           main] o.s.t.web.servlet.TestDispatcherServlet  : Completed initialization in 0 ms
2025-09-05T19:38:09.596+03:00  INFO 47780 --- [           main] c.e.m.c.LeaveControllerIntegrationTest   : Started LeaveControllerIntegrationTest in 1.319 seconds (process running for 21.219)
2025-09-05T19:38:09.834+03:00 DEBUG 47780 --- [           main] o.s.security.web.FilterChainProxy        : Securing POST /api/leaves
2025-09-05T19:38:09.905+03:00 DEBUG 47780 --- [           main] o.s.security.web.FilterChainProxy        : Secured POST /api/leaves
]]></system-out>
  </testcase>
  <testcase name="requestLeave_whenUnauthenticated_shouldReturnUnauthorized" classname="com.example.modfac.controller.LeaveControllerIntegrationTest" time="0.449">
    <system-out><![CDATA[
  .   ____          _            __ _ _
 /\\ / ___'_ __ _ _(_)_ __  __ _ \ \ \ \
( ( )\___ | '_ | '_| | '_ \/ _` | \ \ \ \
 \\/  ___)| |_)| | | | | || (_| |  ) ) ) )
  '  |____| .__|_| |_|_| |_\__, | / / / /
 =========|_|==============|___/=/_/_/_/

 :: Spring Boot ::                (v3.4.4)

2025-09-05T19:38:10.249+03:00  INFO 47780 --- [           main] c.e.m.c.LeaveControllerIntegrationTest   : Starting LeaveControllerIntegrationTest using Java 21.0.6 with PID 47780 (started by oleksandr.chulkin in C:\Users\oleksandr.chulkin\Documents\repo\modfac)
2025-09-05T19:38:10.249+03:00  INFO 47780 --- [           main] c.e.m.c.LeaveControllerIntegrationTest   : No active profile set, falling back to 1 default profile: "default"
2025-09-05T19:38:10.351+03:00  INFO 47780 --- [           main] .s.d.r.c.RepositoryConfigurationDelegate : Bootstrapping Spring Data MongoDB repositories in DEFAULT mode.
2025-09-05T19:38:10.366+03:00  INFO 47780 --- [           main] .s.d.r.c.RepositoryConfigurationDelegate : Finished Spring Data repository scanning in 14 ms. Found 3 MongoDB repository interfaces.
2025-09-05T19:38:10.425+03:00  INFO 47780 --- [           main] org.mongodb.driver.client                : MongoClient with metadata {"application": {"name": "myAtlasClusterEDU"}, "driver": {"name": "mongo-java-driver|sync|spring-boot", "version": "5.2.1"}, "os": {"type": "Windows", "name": "Windows 11", "architecture": "amd64", "version": "10.0"}, "platform": "Java/Eclipse Adoptium/21.0.6+7-LTS"} created with settings MongoClientSettings{readPreference=primary, writeConcern=WriteConcern{w=majority, wTimeout=null ms, journal=null}, retryWrites=true, retryReads=true, readConcern=ReadConcern{level=null}, credential=MongoCredential{mechanism=null, userName='user', source='admin', password=<hidden>, mechanismProperties=<hidden>}, transportSettings=null, commandListeners=[], codecRegistry=ProvidersCodecRegistry{codecProviders=[ValueCodecProvider{}, BsonValueCodecProvider{}, DBRefCodecProvider{}, DBObjectCodecProvider{}, DocumentCodecProvider{}, CollectionCodecProvider{}, IterableCodecProvider{}, MapCodecProvider{}, GeoJsonCodecProvider{}, GridFSFileCodecProvider{}, Jsr310CodecProvider{}, JsonObjectCodecProvider{}, BsonCodecProvider{}, EnumCodecProvider{}, com.mongodb.client.model.mql.ExpressionCodecProvider@7e69bf78, com.mongodb.Jep395RecordCodecProvider@24d097c8, com.mongodb.KotlinCodecProvider@2f69d246]}, loggerSettings=LoggerSettings{maxDocumentLength=1000}, clusterSettings={hosts=[127.0.0.1:27017], srvHost=pstt.vnida.mongodb.net, srvServiceName=mongodb, mode=MULTIPLE, requiredClusterType=REPLICA_SET, requiredReplicaSetName='atlas-vhs6cs-shard-0', serverSelector='null', clusterListeners='[]', serverSelectionTimeout='30000 ms', localThreshold='15 ms'}, socketSettings=SocketSettings{connectTimeoutMS=10000, readTimeoutMS=0, receiveBufferSize=0, proxySettings=ProxySettings{host=null, port=null, username=null, password=null}}, heartbeatSocketSettings=SocketSettings{connectTimeoutMS=10000, readTimeoutMS=10000, receiveBufferSize=0, proxySettings=ProxySettings{host=null, port=null, username=null, password=null}}, connectionPoolSettings=ConnectionPoolSettings{maxSize=100, minSize=0, maxWaitTimeMS=120000, maxConnectionLifeTimeMS=0, maxConnectionIdleTimeMS=0, maintenanceInitialDelayMS=0, maintenanceFrequencyMS=60000, connectionPoolListeners=[], maxConnecting=2}, serverSettings=ServerSettings{heartbeatFrequencyMS=10000, minHeartbeatFrequencyMS=500, serverMonitoringMode=AUTO, serverListeners='[]', serverMonitorListeners='[]'}, sslSettings=SslSettings{enabled=true, invalidHostNameAllowed=false, context=null}, applicationName='myAtlasClusterEDU', compressorList=[], uuidRepresentation=JAVA_LEGACY, serverApi=null, autoEncryptionSettings=null, dnsClient=null, inetAddressResolver=null, contextProvider=null, timeoutMS=null}
2025-09-05T19:38:10.435+03:00  INFO 47780 --- [ida.mongodb.net] org.mongodb.driver.cluster               : Adding discovered server pstt-shard-00-01.vnida.mongodb.net:27017 to client view of cluster
2025-09-05T19:38:10.436+03:00  INFO 47780 --- [ida.mongodb.net] org.mongodb.driver.cluster               : Adding discovered server pstt-shard-00-00.vnida.mongodb.net:27017 to client view of cluster
2025-09-05T19:38:10.438+03:00  INFO 47780 --- [ida.mongodb.net] org.mongodb.driver.cluster               : Adding discovered server pstt-shard-00-02.vnida.mongodb.net:27017 to client view of cluster
2025-09-05T19:38:10.451+03:00  INFO 47780 --- [           main] org.mongodb.driver.cluster               : Waiting for server to become available for operation with ID 146. Remaining time: 29999 ms. Selector: WritableServerSelector, topology description: {type=REPLICA_SET, servers=[{address=pstt-shard-00-00.vnida.mongodb.net:27017, type=UNKNOWN, state=CONNECTING}, {address=pstt-shard-00-01.vnida.mongodb.net:27017, type=UNKNOWN, state=CONNECTING}, {address=pstt-shard-00-02.vnida.mongodb.net:27017, type=UNKNOWN, state=CONNECTING}].
2025-09-05T19:38:10.665+03:00  INFO 47780 --- [ngodb.net:27017] org.mongodb.driver.cluster               : Monitor thread successfully connected to server with description ServerDescription{address=pstt-shard-00-01.vnida.mongodb.net:27017, type=REPLICA_SET_PRIMARY, cryptd=false, state=CONNECTED, ok=true, minWireVersion=0, maxWireVersion=25, maxDocumentSize=16777216, logicalSessionTimeoutMinutes=30, roundTripTimeNanos=158932900, minRoundTripTimeNanos=0, setName='atlas-vhs6cs-shard-0', canonicalAddress=pstt-shard-00-01.vnida.mongodb.net:27017, hosts=[pstt-shard-00-02.vnida.mongodb.net:27017, pstt-shard-00-00.vnida.mongodb.net:27017, pstt-shard-00-01.vnida.mongodb.net:27017], passives=[], arbiters=[], primary='pstt-shard-00-01.vnida.mongodb.net:27017', tagSet=TagSet{[Tag{name='availabilityZone', value='euw1-az2'}, Tag{name='diskState', value='READY'}, Tag{name='nodeType', value='ELECTABLE'}, Tag{name='provider', value='AWS'}, Tag{name='region', value='EU_WEST_1'}, Tag{name='workloadType', value='OPERATIONAL'}]}, electionId=7fffffff000000000000014d, setVersion=147, topologyVersion=TopologyVersion{processId=68b858ff473a156782756b34, counter=6}, lastWriteDate=Fri Sep 05 19:38:10 EEST 2025, lastUpdateTimeNanos=208081064541600}
2025-09-05T19:38:10.665+03:00  INFO 47780 --- [ngodb.net:27017] org.mongodb.driver.cluster               : Monitor thread successfully connected to server with description ServerDescription{address=pstt-shard-00-00.vnida.mongodb.net:27017, type=REPLICA_SET_SECONDARY, cryptd=false, state=CONNECTED, ok=true, minWireVersion=0, maxWireVersion=25, maxDocumentSize=16777216, logicalSessionTimeoutMinutes=30, roundTripTimeNanos=156833000, minRoundTripTimeNanos=0, setName='atlas-vhs6cs-shard-0', canonicalAddress=pstt-shard-00-00.vnida.mongodb.net:27017, hosts=[pstt-shard-00-02.vnida.mongodb.net:27017, pstt-shard-00-00.vnida.mongodb.net:27017, pstt-shard-00-01.vnida.mongodb.net:27017], passives=[], arbiters=[], primary='pstt-shard-00-01.vnida.mongodb.net:27017', tagSet=TagSet{[Tag{name='availabilityZone', value='euw1-az1'}, Tag{name='diskState', value='READY'}, Tag{name='nodeType', value='ELECTABLE'}, Tag{name='provider', value='AWS'}, Tag{name='region', value='EU_WEST_1'}, Tag{name='workloadType', value='OPERATIONAL'}]}, electionId=null, setVersion=147, topologyVersion=TopologyVersion{processId=68b858c53e3723c5fc10f731, counter=4}, lastWriteDate=Fri Sep 05 19:38:10 EEST 2025, lastUpdateTimeNanos=208081064689200}
2025-09-05T19:38:10.666+03:00  INFO 47780 --- [ngodb.net:27017] org.mongodb.driver.cluster               : Monitor thread successfully connected to server with description ServerDescription{address=pstt-shard-00-02.vnida.mongodb.net:27017, type=REPLICA_SET_SECONDARY, cryptd=false, state=CONNECTED, ok=true, minWireVersion=0, maxWireVersion=25, maxDocumentSize=16777216, logicalSessionTimeoutMinutes=30, roundTripTimeNanos=158027000, minRoundTripTimeNanos=0, setName='atlas-vhs6cs-shard-0', canonicalAddress=pstt-shard-00-02.vnida.mongodb.net:27017, hosts=[pstt-shard-00-02.vnida.mongodb.net:27017, pstt-shard-00-00.vnida.mongodb.net:27017, pstt-shard-00-01.vnida.mongodb.net:27017], passives=[], arbiters=[], primary='pstt-shard-00-01.vnida.mongodb.net:27017', tagSet=TagSet{[Tag{name='availabilityZone', value='euw1-az3'}, Tag{name='diskState', value='READY'}, Tag{name='nodeType', value='ELECTABLE'}, Tag{name='provider', value='AWS'}, Tag{name='region', value='EU_WEST_1'}, Tag{name='workloadType', value='OPERATIONAL'}]}, electionId=null, setVersion=147, topologyVersion=TopologyVersion{processId=68b859396df152a897b48f35, counter=3}, lastWriteDate=Fri Sep 05 19:38:10 EEST 2025, lastUpdateTimeNanos=208081064574400}
2025-09-05T19:38:10.667+03:00  INFO 47780 --- [ngodb.net:27017] org.mongodb.driver.cluster               : Discovered replica set primary pstt-shard-00-01.vnida.mongodb.net:27017 with max election id 7fffffff000000000000014d and max set version 147
2025-09-05T19:38:11.335+03:00  WARN 47780 --- [           main] c.e.modfac.config.MongoDBIndexConfig     : Atlas Search is not supported on the connected MongoDB cluster: Command failed with error 59 (CommandNotFound): 'command not found' on server pstt-shard-00-01.vnida.mongodb.net:27017. The full response is {"ok": 0, "errmsg": "command not found", "code": 59, "codeName": "CommandNotFound"}
2025-09-05T19:38:11.335+03:00  INFO 47780 --- [           main] c.e.modfac.config.MongoDBIndexConfig     : Skipping Atlas Search index creation as the cluster does not support it.
2025-09-05T19:38:11.404+03:00  INFO 47780 --- [           main] r$InitializeUserDetailsManagerConfigurer : Global AuthenticationManager configured with UserDetailsService bean with name customUserDetailsService
2025-09-05T19:38:11.444+03:00 DEBUG 47780 --- [           main] o.s.s.web.DefaultSecurityFilterChain     : Will secure any request with filters: DisableEncodeUrlFilter, WebAsyncManagerIntegrationFilter, SecurityContextHolderFilter, HeaderWriterFilter, CorsFilter, LogoutFilter, JwtAuthenticationFilter, RequestCacheAwareFilter, SecurityContextHolderAwareRequestFilter, AnonymousAuthenticationFilter, SessionManagementFilter, ExceptionTranslationFilter, AuthorizationFilter
2025-09-05T19:38:11.501+03:00  INFO 47780 --- [           main] o.s.b.t.m.w.SpringBootMockServletContext : Initializing Spring TestDispatcherServlet ''
2025-09-05T19:38:11.501+03:00  INFO 47780 --- [           main] o.s.t.web.servlet.TestDispatcherServlet  : Initializing Servlet ''
2025-09-05T19:38:11.502+03:00  INFO 47780 --- [           main] o.s.t.web.servlet.TestDispatcherServlet  : Completed initialization in 0 ms
2025-09-05T19:38:11.508+03:00  INFO 47780 --- [           main] c.e.m.c.LeaveControllerIntegrationTest   : Started LeaveControllerIntegrationTest in 1.289 seconds (process running for 23.13)
2025-09-05T19:38:11.673+03:00 DEBUG 47780 --- [           main] o.s.security.web.FilterChainProxy        : Securing POST /api/leaves
]]></system-out>
  </testcase>
  <testcase name="requestLeave_whenApprovedByIsNotManager_shouldReturnBadRequest" classname="com.example.modfac.controller.LeaveControllerIntegrationTest" time="0.853">
    <system-out><![CDATA[
  .   ____          _            __ _ _
 /\\ / ___'_ __ _ _(_)_ __  __ _ \ \ \ \
( ( )\___ | '_ | '_| | '_ \/ _` | \ \ \ \
 \\/  ___)| |_)| | | | | || (_| |  ) ) ) )
  '  |____| .__|_| |_|_| |_\__, | / / / /
 =========|_|==============|___/=/_/_/_/

 :: Spring Boot ::                (v3.4.4)

2025-09-05T19:38:11.987+03:00  INFO 47780 --- [           main] c.e.m.c.LeaveControllerIntegrationTest   : Starting LeaveControllerIntegrationTest using Java 21.0.6 with PID 47780 (started by oleksandr.chulkin in C:\Users\oleksandr.chulkin\Documents\repo\modfac)
2025-09-05T19:38:11.987+03:00  INFO 47780 --- [           main] c.e.m.c.LeaveControllerIntegrationTest   : No active profile set, falling back to 1 default profile: "default"
2025-09-05T19:38:12.117+03:00  INFO 47780 --- [           main] .s.d.r.c.RepositoryConfigurationDelegate : Bootstrapping Spring Data MongoDB repositories in DEFAULT mode.
2025-09-05T19:38:12.135+03:00  INFO 47780 --- [           main] .s.d.r.c.RepositoryConfigurationDelegate : Finished Spring Data repository scanning in 17 ms. Found 3 MongoDB repository interfaces.
2025-09-05T19:38:12.181+03:00  INFO 47780 --- [           main] org.mongodb.driver.client                : MongoClient with metadata {"application": {"name": "myAtlasClusterEDU"}, "driver": {"name": "mongo-java-driver|sync|spring-boot", "version": "5.2.1"}, "os": {"type": "Windows", "name": "Windows 11", "architecture": "amd64", "version": "10.0"}, "platform": "Java/Eclipse Adoptium/21.0.6+7-LTS"} created with settings MongoClientSettings{readPreference=primary, writeConcern=WriteConcern{w=majority, wTimeout=null ms, journal=null}, retryWrites=true, retryReads=true, readConcern=ReadConcern{level=null}, credential=MongoCredential{mechanism=null, userName='user', source='admin', password=<hidden>, mechanismProperties=<hidden>}, transportSettings=null, commandListeners=[], codecRegistry=ProvidersCodecRegistry{codecProviders=[ValueCodecProvider{}, BsonValueCodecProvider{}, DBRefCodecProvider{}, DBObjectCodecProvider{}, DocumentCodecProvider{}, CollectionCodecProvider{}, IterableCodecProvider{}, MapCodecProvider{}, GeoJsonCodecProvider{}, GridFSFileCodecProvider{}, Jsr310CodecProvider{}, JsonObjectCodecProvider{}, BsonCodecProvider{}, EnumCodecProvider{}, com.mongodb.client.model.mql.ExpressionCodecProvider@7e69bf78, com.mongodb.Jep395RecordCodecProvider@24d097c8, com.mongodb.KotlinCodecProvider@2f69d246]}, loggerSettings=LoggerSettings{maxDocumentLength=1000}, clusterSettings={hosts=[127.0.0.1:27017], srvHost=pstt.vnida.mongodb.net, srvServiceName=mongodb, mode=MULTIPLE, requiredClusterType=REPLICA_SET, requiredReplicaSetName='atlas-vhs6cs-shard-0', serverSelector='null', clusterListeners='[]', serverSelectionTimeout='30000 ms', localThreshold='15 ms'}, socketSettings=SocketSettings{connectTimeoutMS=10000, readTimeoutMS=0, receiveBufferSize=0, proxySettings=ProxySettings{host=null, port=null, username=null, password=null}}, heartbeatSocketSettings=SocketSettings{connectTimeoutMS=10000, readTimeoutMS=10000, receiveBufferSize=0, proxySettings=ProxySettings{host=null, port=null, username=null, password=null}}, connectionPoolSettings=ConnectionPoolSettings{maxSize=100, minSize=0, maxWaitTimeMS=120000, maxConnectionLifeTimeMS=0, maxConnectionIdleTimeMS=0, maintenanceInitialDelayMS=0, maintenanceFrequencyMS=60000, connectionPoolListeners=[], maxConnecting=2}, serverSettings=ServerSettings{heartbeatFrequencyMS=10000, minHeartbeatFrequencyMS=500, serverMonitoringMode=AUTO, serverListeners='[]', serverMonitorListeners='[]'}, sslSettings=SslSettings{enabled=true, invalidHostNameAllowed=false, context=null}, applicationName='myAtlasClusterEDU', compressorList=[], uuidRepresentation=JAVA_LEGACY, serverApi=null, autoEncryptionSettings=null, dnsClient=null, inetAddressResolver=null, contextProvider=null, timeoutMS=null}
2025-09-05T19:38:12.192+03:00  INFO 47780 --- [ida.mongodb.net] org.mongodb.driver.cluster               : Adding discovered server pstt-shard-00-01.vnida.mongodb.net:27017 to client view of cluster
2025-09-05T19:38:12.193+03:00  INFO 47780 --- [ida.mongodb.net] org.mongodb.driver.cluster               : Adding discovered server pstt-shard-00-00.vnida.mongodb.net:27017 to client view of cluster
2025-09-05T19:38:12.194+03:00  INFO 47780 --- [ida.mongodb.net] org.mongodb.driver.cluster               : Adding discovered server pstt-shard-00-02.vnida.mongodb.net:27017 to client view of cluster
2025-09-05T19:38:12.206+03:00  INFO 47780 --- [           main] org.mongodb.driver.cluster               : Waiting for server to become available for operation with ID 165. Remaining time: 29999 ms. Selector: WritableServerSelector, topology description: {type=REPLICA_SET, servers=[{address=pstt-shard-00-00.vnida.mongodb.net:27017, type=UNKNOWN, state=CONNECTING}, {address=pstt-shard-00-01.vnida.mongodb.net:27017, type=UNKNOWN, state=CONNECTING}, {address=pstt-shard-00-02.vnida.mongodb.net:27017, type=UNKNOWN, state=CONNECTING}].
2025-09-05T19:38:12.409+03:00  INFO 47780 --- [ngodb.net:27017] org.mongodb.driver.cluster               : Monitor thread successfully connected to server with description ServerDescription{address=pstt-shard-00-02.vnida.mongodb.net:27017, type=REPLICA_SET_SECONDARY, cryptd=false, state=CONNECTED, ok=true, minWireVersion=0, maxWireVersion=25, maxDocumentSize=16777216, logicalSessionTimeoutMinutes=30, roundTripTimeNanos=143654400, minRoundTripTimeNanos=0, setName='atlas-vhs6cs-shard-0', canonicalAddress=pstt-shard-00-02.vnida.mongodb.net:27017, hosts=[pstt-shard-00-02.vnida.mongodb.net:27017, pstt-shard-00-00.vnida.mongodb.net:27017, pstt-shard-00-01.vnida.mongodb.net:27017], passives=[], arbiters=[], primary='pstt-shard-00-01.vnida.mongodb.net:27017', tagSet=TagSet{[Tag{name='availabilityZone', value='euw1-az3'}, Tag{name='diskState', value='READY'}, Tag{name='nodeType', value='ELECTABLE'}, Tag{name='provider', value='AWS'}, Tag{name='region', value='EU_WEST_1'}, Tag{name='workloadType', value='OPERATIONAL'}]}, electionId=null, setVersion=147, topologyVersion=TopologyVersion{processId=68b859396df152a897b48f35, counter=3}, lastWriteDate=Fri Sep 05 19:38:12 EEST 2025, lastUpdateTimeNanos=208082809740900}
2025-09-05T19:38:12.410+03:00  INFO 47780 --- [ngodb.net:27017] org.mongodb.driver.cluster               : Monitor thread successfully connected to server with description ServerDescription{address=pstt-shard-00-01.vnida.mongodb.net:27017, type=REPLICA_SET_PRIMARY, cryptd=false, state=CONNECTED, ok=true, minWireVersion=0, maxWireVersion=25, maxDocumentSize=16777216, logicalSessionTimeoutMinutes=30, roundTripTimeNanos=146492400, minRoundTripTimeNanos=0, setName='atlas-vhs6cs-shard-0', canonicalAddress=pstt-shard-00-01.vnida.mongodb.net:27017, hosts=[pstt-shard-00-02.vnida.mongodb.net:27017, pstt-shard-00-00.vnida.mongodb.net:27017, pstt-shard-00-01.vnida.mongodb.net:27017], passives=[], arbiters=[], primary='pstt-shard-00-01.vnida.mongodb.net:27017', tagSet=TagSet{[Tag{name='availabilityZone', value='euw1-az2'}, Tag{name='diskState', value='READY'}, Tag{name='nodeType', value='ELECTABLE'}, Tag{name='provider', value='AWS'}, Tag{name='region', value='EU_WEST_1'}, Tag{name='workloadType', value='OPERATIONAL'}]}, electionId=7fffffff000000000000014d, setVersion=147, topologyVersion=TopologyVersion{processId=68b858ff473a156782756b34, counter=6}, lastWriteDate=Fri Sep 05 19:38:12 EEST 2025, lastUpdateTimeNanos=208082810347500}
2025-09-05T19:38:12.410+03:00  INFO 47780 --- [ngodb.net:27017] org.mongodb.driver.cluster               : Monitor thread successfully connected to server with description ServerDescription{address=pstt-shard-00-00.vnida.mongodb.net:27017, type=REPLICA_SET_SECONDARY, cryptd=false, state=CONNECTED, ok=true, minWireVersion=0, maxWireVersion=25, maxDocumentSize=16777216, logicalSessionTimeoutMinutes=30, roundTripTimeNanos=145835500, minRoundTripTimeNanos=0, setName='atlas-vhs6cs-shard-0', canonicalAddress=pstt-shard-00-00.vnida.mongodb.net:27017, hosts=[pstt-shard-00-02.vnida.mongodb.net:27017, pstt-shard-00-00.vnida.mongodb.net:27017, pstt-shard-00-01.vnida.mongodb.net:27017], passives=[], arbiters=[], primary='pstt-shard-00-01.vnida.mongodb.net:27017', tagSet=TagSet{[Tag{name='availabilityZone', value='euw1-az1'}, Tag{name='diskState', value='READY'}, Tag{name='nodeType', value='ELECTABLE'}, Tag{name='provider', value='AWS'}, Tag{name='region', value='EU_WEST_1'}, Tag{name='workloadType', value='OPERATIONAL'}]}, electionId=null, setVersion=147, topologyVersion=TopologyVersion{processId=68b858c53e3723c5fc10f731, counter=4}, lastWriteDate=Fri Sep 05 19:38:12 EEST 2025, lastUpdateTimeNanos=208082811007200}
2025-09-05T19:38:12.412+03:00  INFO 47780 --- [ngodb.net:27017] org.mongodb.driver.cluster               : Discovered replica set primary pstt-shard-00-01.vnida.mongodb.net:27017 with max election id 7fffffff000000000000014d and max set version 147
2025-09-05T19:38:13.100+03:00  WARN 47780 --- [           main] c.e.modfac.config.MongoDBIndexConfig     : Atlas Search is not supported on the connected MongoDB cluster: Command failed with error 59 (CommandNotFound): 'command not found' on server pstt-shard-00-01.vnida.mongodb.net:27017. The full response is {"ok": 0, "errmsg": "command not found", "code": 59, "codeName": "CommandNotFound"}
2025-09-05T19:38:13.100+03:00  INFO 47780 --- [           main] c.e.modfac.config.MongoDBIndexConfig     : Skipping Atlas Search index creation as the cluster does not support it.
2025-09-05T19:38:13.182+03:00  INFO 47780 --- [           main] r$InitializeUserDetailsManagerConfigurer : Global AuthenticationManager configured with UserDetailsService bean with name customUserDetailsService
2025-09-05T19:38:13.217+03:00 DEBUG 47780 --- [           main] o.s.s.web.DefaultSecurityFilterChain     : Will secure any request with filters: DisableEncodeUrlFilter, WebAsyncManagerIntegrationFilter, SecurityContextHolderFilter, HeaderWriterFilter, CorsFilter, LogoutFilter, JwtAuthenticationFilter, RequestCacheAwareFilter, SecurityContextHolderAwareRequestFilter, AnonymousAuthenticationFilter, SessionManagementFilter, ExceptionTranslationFilter, AuthorizationFilter
2025-09-05T19:38:13.280+03:00  INFO 47780 --- [           main] o.s.b.t.m.w.SpringBootMockServletContext : Initializing Spring TestDispatcherServlet ''
2025-09-05T19:38:13.280+03:00  INFO 47780 --- [           main] o.s.t.web.servlet.TestDispatcherServlet  : Initializing Servlet ''
2025-09-05T19:38:13.281+03:00  INFO 47780 --- [           main] o.s.t.web.servlet.TestDispatcherServlet  : Completed initialization in 1 ms
2025-09-05T19:38:13.285+03:00  INFO 47780 --- [           main] c.e.m.c.LeaveControllerIntegrationTest   : Started LeaveControllerIntegrationTest in 1.323 seconds (process running for 24.907)
2025-09-05T19:38:13.601+03:00 DEBUG 47780 --- [           main] o.s.security.web.FilterChainProxy        : Securing POST /api/leaves
2025-09-05T19:38:13.678+03:00 DEBUG 47780 --- [           main] o.s.security.web.FilterChainProxy        : Secured POST /api/leaves
2025-09-05T19:38:13.691+03:00  INFO 47780 --- [           main] c.e.modfac.controller.LeaveController    : Processing leave request for employee ID: 68bb11f5e5e9f3328499a101, type: SICK
2025-09-05T19:38:13.692+03:00  INFO 47780 --- [           main] com.example.modfac.service.MainService   : Processing leave request for employee ID: 68bb11f5e5e9f3328499a101, type: SICK
]]></system-out>
  </testcase>
  <testcase name="requestLeave_whenInsufficientLeaveBalance_shouldReturnBadRequest" classname="com.example.modfac.controller.LeaveControllerIntegrationTest" time="0.796">
    <system-out><![CDATA[
  .   ____          _            __ _ _
 /\\ / ___'_ __ _ _(_)_ __  __ _ \ \ \ \
( ( )\___ | '_ | '_| | '_ \/ _` | \ \ \ \
 \\/  ___)| |_)| | | | | || (_| |  ) ) ) )
  '  |____| .__|_| |_|_| |_\__, | / / / /
 =========|_|==============|___/=/_/_/_/

 :: Spring Boot ::                (v3.4.4)

2025-09-05T19:38:14.171+03:00  INFO 47780 --- [           main] c.e.m.c.LeaveControllerIntegrationTest   : Starting LeaveControllerIntegrationTest using Java 21.0.6 with PID 47780 (started by oleksandr.chulkin in C:\Users\oleksandr.chulkin\Documents\repo\modfac)
2025-09-05T19:38:14.172+03:00  INFO 47780 --- [           main] c.e.m.c.LeaveControllerIntegrationTest   : No active profile set, falling back to 1 default profile: "default"
2025-09-05T19:38:14.267+03:00  INFO 47780 --- [           main] .s.d.r.c.RepositoryConfigurationDelegate : Bootstrapping Spring Data MongoDB repositories in DEFAULT mode.
2025-09-05T19:38:14.293+03:00  INFO 47780 --- [           main] .s.d.r.c.RepositoryConfigurationDelegate : Finished Spring Data repository scanning in 24 ms. Found 3 MongoDB repository interfaces.
2025-09-05T19:38:14.354+03:00  INFO 47780 --- [           main] org.mongodb.driver.client                : MongoClient with metadata {"application": {"name": "myAtlasClusterEDU"}, "driver": {"name": "mongo-java-driver|sync|spring-boot", "version": "5.2.1"}, "os": {"type": "Windows", "name": "Windows 11", "architecture": "amd64", "version": "10.0"}, "platform": "Java/Eclipse Adoptium/21.0.6+7-LTS"} created with settings MongoClientSettings{readPreference=primary, writeConcern=WriteConcern{w=majority, wTimeout=null ms, journal=null}, retryWrites=true, retryReads=true, readConcern=ReadConcern{level=null}, credential=MongoCredential{mechanism=null, userName='user', source='admin', password=<hidden>, mechanismProperties=<hidden>}, transportSettings=null, commandListeners=[], codecRegistry=ProvidersCodecRegistry{codecProviders=[ValueCodecProvider{}, BsonValueCodecProvider{}, DBRefCodecProvider{}, DBObjectCodecProvider{}, DocumentCodecProvider{}, CollectionCodecProvider{}, IterableCodecProvider{}, MapCodecProvider{}, GeoJsonCodecProvider{}, GridFSFileCodecProvider{}, Jsr310CodecProvider{}, JsonObjectCodecProvider{}, BsonCodecProvider{}, EnumCodecProvider{}, com.mongodb.client.model.mql.ExpressionCodecProvider@7e69bf78, com.mongodb.Jep395RecordCodecProvider@24d097c8, com.mongodb.KotlinCodecProvider@2f69d246]}, loggerSettings=LoggerSettings{maxDocumentLength=1000}, clusterSettings={hosts=[127.0.0.1:27017], srvHost=pstt.vnida.mongodb.net, srvServiceName=mongodb, mode=MULTIPLE, requiredClusterType=REPLICA_SET, requiredReplicaSetName='atlas-vhs6cs-shard-0', serverSelector='null', clusterListeners='[]', serverSelectionTimeout='30000 ms', localThreshold='15 ms'}, socketSettings=SocketSettings{connectTimeoutMS=10000, readTimeoutMS=0, receiveBufferSize=0, proxySettings=ProxySettings{host=null, port=null, username=null, password=null}}, heartbeatSocketSettings=SocketSettings{connectTimeoutMS=10000, readTimeoutMS=10000, receiveBufferSize=0, proxySettings=ProxySettings{host=null, port=null, username=null, password=null}}, connectionPoolSettings=ConnectionPoolSettings{maxSize=100, minSize=0, maxWaitTimeMS=120000, maxConnectionLifeTimeMS=0, maxConnectionIdleTimeMS=0, maintenanceInitialDelayMS=0, maintenanceFrequencyMS=60000, connectionPoolListeners=[], maxConnecting=2}, serverSettings=ServerSettings{heartbeatFrequencyMS=10000, minHeartbeatFrequencyMS=500, serverMonitoringMode=AUTO, serverListeners='[]', serverMonitorListeners='[]'}, sslSettings=SslSettings{enabled=true, invalidHostNameAllowed=false, context=null}, applicationName='myAtlasClusterEDU', compressorList=[], uuidRepresentation=JAVA_LEGACY, serverApi=null, autoEncryptionSettings=null, dnsClient=null, inetAddressResolver=null, contextProvider=null, timeoutMS=null}
2025-09-05T19:38:14.365+03:00  INFO 47780 --- [ida.mongodb.net] org.mongodb.driver.cluster               : Adding discovered server pstt-shard-00-01.vnida.mongodb.net:27017 to client view of cluster
2025-09-05T19:38:14.367+03:00  INFO 47780 --- [ida.mongodb.net] org.mongodb.driver.cluster               : Adding discovered server pstt-shard-00-00.vnida.mongodb.net:27017 to client view of cluster
2025-09-05T19:38:14.368+03:00  INFO 47780 --- [ida.mongodb.net] org.mongodb.driver.cluster               : Adding discovered server pstt-shard-00-02.vnida.mongodb.net:27017 to client view of cluster
2025-09-05T19:38:14.380+03:00  INFO 47780 --- [           main] org.mongodb.driver.cluster               : Waiting for server to become available for operation with ID 189. Remaining time: 29999 ms. Selector: WritableServerSelector, topology description: {type=REPLICA_SET, servers=[{address=pstt-shard-00-00.vnida.mongodb.net:27017, type=UNKNOWN, state=CONNECTING}, {address=pstt-shard-00-01.vnida.mongodb.net:27017, type=UNKNOWN, state=CONNECTING}, {address=pstt-shard-00-02.vnida.mongodb.net:27017, type=UNKNOWN, state=CONNECTING}].
2025-09-05T19:38:14.574+03:00  INFO 47780 --- [ngodb.net:27017] org.mongodb.driver.cluster               : Monitor thread successfully connected to server with description ServerDescription{address=pstt-shard-00-02.vnida.mongodb.net:27017, type=REPLICA_SET_SECONDARY, cryptd=false, state=CONNECTED, ok=true, minWireVersion=0, maxWireVersion=25, maxDocumentSize=16777216, logicalSessionTimeoutMinutes=30, roundTripTimeNanos=136559300, minRoundTripTimeNanos=0, setName='atlas-vhs6cs-shard-0', canonicalAddress=pstt-shard-00-02.vnida.mongodb.net:27017, hosts=[pstt-shard-00-02.vnida.mongodb.net:27017, pstt-shard-00-00.vnida.mongodb.net:27017, pstt-shard-00-01.vnida.mongodb.net:27017], passives=[], arbiters=[], primary='pstt-shard-00-01.vnida.mongodb.net:27017', tagSet=TagSet{[Tag{name='availabilityZone', value='euw1-az3'}, Tag{name='diskState', value='READY'}, Tag{name='nodeType', value='ELECTABLE'}, Tag{name='provider', value='AWS'}, Tag{name='region', value='EU_WEST_1'}, Tag{name='workloadType', value='OPERATIONAL'}]}, electionId=null, setVersion=147, topologyVersion=TopologyVersion{processId=68b859396df152a897b48f35, counter=3}, lastWriteDate=Fri Sep 05 19:38:14 EEST 2025, lastUpdateTimeNanos=208084974723300}
2025-09-05T19:38:14.586+03:00  INFO 47780 --- [ngodb.net:27017] org.mongodb.driver.cluster               : Monitor thread successfully connected to server with description ServerDescription{address=pstt-shard-00-00.vnida.mongodb.net:27017, type=REPLICA_SET_SECONDARY, cryptd=false, state=CONNECTED, ok=true, minWireVersion=0, maxWireVersion=25, maxDocumentSize=16777216, logicalSessionTimeoutMinutes=30, roundTripTimeNanos=145514200, minRoundTripTimeNanos=0, setName='atlas-vhs6cs-shard-0', canonicalAddress=pstt-shard-00-00.vnida.mongodb.net:27017, hosts=[pstt-shard-00-02.vnida.mongodb.net:27017, pstt-shard-00-00.vnida.mongodb.net:27017, pstt-shard-00-01.vnida.mongodb.net:27017], passives=[], arbiters=[], primary='pstt-shard-00-01.vnida.mongodb.net:27017', tagSet=TagSet{[Tag{name='availabilityZone', value='euw1-az1'}, Tag{name='diskState', value='READY'}, Tag{name='nodeType', value='ELECTABLE'}, Tag{name='provider', value='AWS'}, Tag{name='region', value='EU_WEST_1'}, Tag{name='workloadType', value='OPERATIONAL'}]}, electionId=null, setVersion=147, topologyVersion=TopologyVersion{processId=68b858c53e3723c5fc10f731, counter=4}, lastWriteDate=Fri Sep 05 19:38:14 EEST 2025, lastUpdateTimeNanos=208084986746800}
2025-09-05T19:38:14.590+03:00  INFO 47780 --- [ngodb.net:27017] org.mongodb.driver.cluster               : Monitor thread successfully connected to server with description ServerDescription{address=pstt-shard-00-01.vnida.mongodb.net:27017, type=REPLICA_SET_PRIMARY, cryptd=false, state=CONNECTED, ok=true, minWireVersion=0, maxWireVersion=25, maxDocumentSize=16777216, logicalSessionTimeoutMinutes=30, roundTripTimeNanos=148171300, minRoundTripTimeNanos=0, setName='atlas-vhs6cs-shard-0', canonicalAddress=pstt-shard-00-01.vnida.mongodb.net:27017, hosts=[pstt-shard-00-02.vnida.mongodb.net:27017, pstt-shard-00-00.vnida.mongodb.net:27017, pstt-shard-00-01.vnida.mongodb.net:27017], passives=[], arbiters=[], primary='pstt-shard-00-01.vnida.mongodb.net:27017', tagSet=TagSet{[Tag{name='availabilityZone', value='euw1-az2'}, Tag{name='diskState', value='READY'}, Tag{name='nodeType', value='ELECTABLE'}, Tag{name='provider', value='AWS'}, Tag{name='region', value='EU_WEST_1'}, Tag{name='workloadType', value='OPERATIONAL'}]}, electionId=7fffffff000000000000014d, setVersion=147, topologyVersion=TopologyVersion{processId=68b858ff473a156782756b34, counter=6}, lastWriteDate=Fri Sep 05 19:38:14 EEST 2025, lastUpdateTimeNanos=208084990571200}
2025-09-05T19:38:14.590+03:00  INFO 47780 --- [ngodb.net:27017] org.mongodb.driver.cluster               : Discovered replica set primary pstt-shard-00-01.vnida.mongodb.net:27017 with max election id 7fffffff000000000000014d and max set version 147
2025-09-05T19:38:15.334+03:00  WARN 47780 --- [           main] c.e.modfac.config.MongoDBIndexConfig     : Atlas Search is not supported on the connected MongoDB cluster: Command failed with error 59 (CommandNotFound): 'command not found' on server pstt-shard-00-01.vnida.mongodb.net:27017. The full response is {"ok": 0, "errmsg": "command not found", "code": 59, "codeName": "CommandNotFound"}
2025-09-05T19:38:15.334+03:00  INFO 47780 --- [           main] c.e.modfac.config.MongoDBIndexConfig     : Skipping Atlas Search index creation as the cluster does not support it.
2025-09-05T19:38:15.405+03:00  INFO 47780 --- [           main] r$InitializeUserDetailsManagerConfigurer : Global AuthenticationManager configured with UserDetailsService bean with name customUserDetailsService
2025-09-05T19:38:15.440+03:00 DEBUG 47780 --- [           main] o.s.s.web.DefaultSecurityFilterChain     : Will secure any request with filters: DisableEncodeUrlFilter, WebAsyncManagerIntegrationFilter, SecurityContextHolderFilter, HeaderWriterFilter, CorsFilter, LogoutFilter, JwtAuthenticationFilter, RequestCacheAwareFilter, SecurityContextHolderAwareRequestFilter, AnonymousAuthenticationFilter, SessionManagementFilter, ExceptionTranslationFilter, AuthorizationFilter
2025-09-05T19:38:15.491+03:00  INFO 47780 --- [           main] o.s.b.t.m.w.SpringBootMockServletContext : Initializing Spring TestDispatcherServlet ''
2025-09-05T19:38:15.492+03:00  INFO 47780 --- [           main] o.s.t.web.servlet.TestDispatcherServlet  : Initializing Servlet ''
2025-09-05T19:38:15.493+03:00  INFO 47780 --- [           main] o.s.t.web.servlet.TestDispatcherServlet  : Completed initialization in 1 ms
2025-09-05T19:38:15.497+03:00  INFO 47780 --- [           main] c.e.m.c.LeaveControllerIntegrationTest   : Started LeaveControllerIntegrationTest in 1.355 seconds (process running for 27.119)
2025-09-05T19:38:15.742+03:00 DEBUG 47780 --- [           main] o.s.security.web.FilterChainProxy        : Securing POST /api/leaves
2025-09-05T19:38:15.820+03:00 DEBUG 47780 --- [           main] o.s.security.web.FilterChainProxy        : Secured POST /api/leaves
2025-09-05T19:38:15.835+03:00  INFO 47780 --- [           main] c.e.modfac.controller.LeaveController    : Processing leave request for employee ID: 68bb11f7e5e9f3328499a106, type: SICK
2025-09-05T19:38:15.835+03:00  INFO 47780 --- [           main] com.example.modfac.service.MainService   : Processing leave request for employee ID: 68bb11f7e5e9f3328499a106, type: SICK
2025-09-05T19:38:15.984+03:00  WARN 47780 --- [           main] c.example.modfac.service.LeaveService    : Requested 20 days but only 10 available
]]></system-out>
  </testcase>
  <testcase name="requestLeave_whenValidInputAndManagerApproves_shouldReturnCreatedLeave" classname="com.example.modfac.controller.LeaveControllerIntegrationTest" time="0.945">
    <system-out><![CDATA[
  .   ____          _            __ _ _
 /\\ / ___'_ __ _ _(_)_ __  __ _ \ \ \ \
( ( )\___ | '_ | '_| | '_ \/ _` | \ \ \ \
 \\/  ___)| |_)| | | | | || (_| |  ) ) ) )
  '  |____| .__|_| |_|_| |_\__, | / / / /
 =========|_|==============|___/=/_/_/_/

 :: Spring Boot ::                (v3.4.4)

2025-09-05T19:38:16.327+03:00  INFO 47780 --- [           main] c.e.m.c.LeaveControllerIntegrationTest   : Starting LeaveControllerIntegrationTest using Java 21.0.6 with PID 47780 (started by oleksandr.chulkin in C:\Users\oleksandr.chulkin\Documents\repo\modfac)
2025-09-05T19:38:16.327+03:00  INFO 47780 --- [           main] c.e.m.c.LeaveControllerIntegrationTest   : No active profile set, falling back to 1 default profile: "default"
2025-09-05T19:38:16.451+03:00  INFO 47780 --- [           main] .s.d.r.c.RepositoryConfigurationDelegate : Bootstrapping Spring Data MongoDB repositories in DEFAULT mode.
2025-09-05T19:38:16.478+03:00  INFO 47780 --- [           main] .s.d.r.c.RepositoryConfigurationDelegate : Finished Spring Data repository scanning in 25 ms. Found 3 MongoDB repository interfaces.
2025-09-05T19:38:16.535+03:00  INFO 47780 --- [           main] org.mongodb.driver.client                : MongoClient with metadata {"application": {"name": "myAtlasClusterEDU"}, "driver": {"name": "mongo-java-driver|sync|spring-boot", "version": "5.2.1"}, "os": {"type": "Windows", "name": "Windows 11", "architecture": "amd64", "version": "10.0"}, "platform": "Java/Eclipse Adoptium/21.0.6+7-LTS"} created with settings MongoClientSettings{readPreference=primary, writeConcern=WriteConcern{w=majority, wTimeout=null ms, journal=null}, retryWrites=true, retryReads=true, readConcern=ReadConcern{level=null}, credential=MongoCredential{mechanism=null, userName='user', source='admin', password=<hidden>, mechanismProperties=<hidden>}, transportSettings=null, commandListeners=[], codecRegistry=ProvidersCodecRegistry{codecProviders=[ValueCodecProvider{}, BsonValueCodecProvider{}, DBRefCodecProvider{}, DBObjectCodecProvider{}, DocumentCodecProvider{}, CollectionCodecProvider{}, IterableCodecProvider{}, MapCodecProvider{}, GeoJsonCodecProvider{}, GridFSFileCodecProvider{}, Jsr310CodecProvider{}, JsonObjectCodecProvider{}, BsonCodecProvider{}, EnumCodecProvider{}, com.mongodb.client.model.mql.ExpressionCodecProvider@7e69bf78, com.mongodb.Jep395RecordCodecProvider@24d097c8, com.mongodb.KotlinCodecProvider@2f69d246]}, loggerSettings=LoggerSettings{maxDocumentLength=1000}, clusterSettings={hosts=[127.0.0.1:27017], srvHost=pstt.vnida.mongodb.net, srvServiceName=mongodb, mode=MULTIPLE, requiredClusterType=REPLICA_SET, requiredReplicaSetName='atlas-vhs6cs-shard-0', serverSelector='null', clusterListeners='[]', serverSelectionTimeout='30000 ms', localThreshold='15 ms'}, socketSettings=SocketSettings{connectTimeoutMS=10000, readTimeoutMS=0, receiveBufferSize=0, proxySettings=ProxySettings{host=null, port=null, username=null, password=null}}, heartbeatSocketSettings=SocketSettings{connectTimeoutMS=10000, readTimeoutMS=10000, receiveBufferSize=0, proxySettings=ProxySettings{host=null, port=null, username=null, password=null}}, connectionPoolSettings=ConnectionPoolSettings{maxSize=100, minSize=0, maxWaitTimeMS=120000, maxConnectionLifeTimeMS=0, maxConnectionIdleTimeMS=0, maintenanceInitialDelayMS=0, maintenanceFrequencyMS=60000, connectionPoolListeners=[], maxConnecting=2}, serverSettings=ServerSettings{heartbeatFrequencyMS=10000, minHeartbeatFrequencyMS=500, serverMonitoringMode=AUTO, serverListeners='[]', serverMonitorListeners='[]'}, sslSettings=SslSettings{enabled=true, invalidHostNameAllowed=false, context=null}, applicationName='myAtlasClusterEDU', compressorList=[], uuidRepresentation=JAVA_LEGACY, serverApi=null, autoEncryptionSettings=null, dnsClient=null, inetAddressResolver=null, contextProvider=null, timeoutMS=null}
2025-09-05T19:38:16.546+03:00  INFO 47780 --- [ida.mongodb.net] org.mongodb.driver.cluster               : Adding discovered server pstt-shard-00-01.vnida.mongodb.net:27017 to client view of cluster
2025-09-05T19:38:16.547+03:00  INFO 47780 --- [ida.mongodb.net] org.mongodb.driver.cluster               : Adding discovered server pstt-shard-00-00.vnida.mongodb.net:27017 to client view of cluster
2025-09-05T19:38:16.548+03:00  INFO 47780 --- [ida.mongodb.net] org.mongodb.driver.cluster               : Adding discovered server pstt-shard-00-02.vnida.mongodb.net:27017 to client view of cluster
2025-09-05T19:38:16.570+03:00  INFO 47780 --- [           main] org.mongodb.driver.cluster               : Waiting for server to become available for operation with ID 212. Remaining time: 29999 ms. Selector: WritableServerSelector, topology description: {type=REPLICA_SET, servers=[{address=pstt-shard-00-00.vnida.mongodb.net:27017, type=UNKNOWN, state=CONNECTING}, {address=pstt-shard-00-01.vnida.mongodb.net:27017, type=UNKNOWN, state=CONNECTING}, {address=pstt-shard-00-02.vnida.mongodb.net:27017, type=UNKNOWN, state=CONNECTING}].
2025-09-05T19:38:16.756+03:00  INFO 47780 --- [ngodb.net:27017] org.mongodb.driver.cluster               : Monitor thread successfully connected to server with description ServerDescription{address=pstt-shard-00-01.vnida.mongodb.net:27017, type=REPLICA_SET_PRIMARY, cryptd=false, state=CONNECTED, ok=true, minWireVersion=0, maxWireVersion=25, maxDocumentSize=16777216, logicalSessionTimeoutMinutes=30, roundTripTimeNanos=141403000, minRoundTripTimeNanos=0, setName='atlas-vhs6cs-shard-0', canonicalAddress=pstt-shard-00-01.vnida.mongodb.net:27017, hosts=[pstt-shard-00-02.vnida.mongodb.net:27017, pstt-shard-00-00.vnida.mongodb.net:27017, pstt-shard-00-01.vnida.mongodb.net:27017], passives=[], arbiters=[], primary='pstt-shard-00-01.vnida.mongodb.net:27017', tagSet=TagSet{[Tag{name='availabilityZone', value='euw1-az2'}, Tag{name='diskState', value='READY'}, Tag{name='nodeType', value='ELECTABLE'}, Tag{name='provider', value='AWS'}, Tag{name='region', value='EU_WEST_1'}, Tag{name='workloadType', value='OPERATIONAL'}]}, electionId=7fffffff000000000000014d, setVersion=147, topologyVersion=TopologyVersion{processId=68b858ff473a156782756b34, counter=6}, lastWriteDate=Fri Sep 05 19:38:16 EEST 2025, lastUpdateTimeNanos=208087157161800}
2025-09-05T19:38:16.757+03:00  INFO 47780 --- [ngodb.net:27017] org.mongodb.driver.cluster               : Discovered replica set primary pstt-shard-00-01.vnida.mongodb.net:27017 with max election id 7fffffff000000000000014d and max set version 147
2025-09-05T19:38:16.762+03:00  INFO 47780 --- [ngodb.net:27017] org.mongodb.driver.cluster               : Monitor thread successfully connected to server with description ServerDescription{address=pstt-shard-00-02.vnida.mongodb.net:27017, type=REPLICA_SET_SECONDARY, cryptd=false, state=CONNECTED, ok=true, minWireVersion=0, maxWireVersion=25, maxDocumentSize=16777216, logicalSessionTimeoutMinutes=30, roundTripTimeNanos=142280200, minRoundTripTimeNanos=0, setName='atlas-vhs6cs-shard-0', canonicalAddress=pstt-shard-00-02.vnida.mongodb.net:27017, hosts=[pstt-shard-00-02.vnida.mongodb.net:27017, pstt-shard-00-00.vnida.mongodb.net:27017, pstt-shard-00-01.vnida.mongodb.net:27017], passives=[], arbiters=[], primary='pstt-shard-00-01.vnida.mongodb.net:27017', tagSet=TagSet{[Tag{name='availabilityZone', value='euw1-az3'}, Tag{name='diskState', value='READY'}, Tag{name='nodeType', value='ELECTABLE'}, Tag{name='provider', value='AWS'}, Tag{name='region', value='EU_WEST_1'}, Tag{name='workloadType', value='OPERATIONAL'}]}, electionId=null, setVersion=147, topologyVersion=TopologyVersion{processId=68b859396df152a897b48f35, counter=3}, lastWriteDate=Fri Sep 05 19:38:16 EEST 2025, lastUpdateTimeNanos=208087163135000}
2025-09-05T19:38:16.770+03:00  INFO 47780 --- [ngodb.net:27017] org.mongodb.driver.cluster               : Monitor thread successfully connected to server with description ServerDescription{address=pstt-shard-00-00.vnida.mongodb.net:27017, type=REPLICA_SET_SECONDARY, cryptd=false, state=CONNECTED, ok=true, minWireVersion=0, maxWireVersion=25, maxDocumentSize=16777216, logicalSessionTimeoutMinutes=30, roundTripTimeNanos=147974100, minRoundTripTimeNanos=0, setName='atlas-vhs6cs-shard-0', canonicalAddress=pstt-shard-00-00.vnida.mongodb.net:27017, hosts=[pstt-shard-00-02.vnida.mongodb.net:27017, pstt-shard-00-00.vnida.mongodb.net:27017, pstt-shard-00-01.vnida.mongodb.net:27017], passives=[], arbiters=[], primary='pstt-shard-00-01.vnida.mongodb.net:27017', tagSet=TagSet{[Tag{name='availabilityZone', value='euw1-az1'}, Tag{name='diskState', value='READY'}, Tag{name='nodeType', value='ELECTABLE'}, Tag{name='provider', value='AWS'}, Tag{name='region', value='EU_WEST_1'}, Tag{name='workloadType', value='OPERATIONAL'}]}, electionId=null, setVersion=147, topologyVersion=TopologyVersion{processId=68b858c53e3723c5fc10f731, counter=4}, lastWriteDate=Fri Sep 05 19:38:16 EEST 2025, lastUpdateTimeNanos=208087169653400}
2025-09-05T19:38:17.488+03:00  WARN 47780 --- [           main] c.e.modfac.config.MongoDBIndexConfig     : Atlas Search is not supported on the connected MongoDB cluster: Command failed with error 59 (CommandNotFound): 'command not found' on server pstt-shard-00-01.vnida.mongodb.net:27017. The full response is {"ok": 0, "errmsg": "command not found", "code": 59, "codeName": "CommandNotFound"}
2025-09-05T19:38:17.489+03:00  INFO 47780 --- [           main] c.e.modfac.config.MongoDBIndexConfig     : Skipping Atlas Search index creation as the cluster does not support it.
2025-09-05T19:38:17.557+03:00  INFO 47780 --- [           main] r$InitializeUserDetailsManagerConfigurer : Global AuthenticationManager configured with UserDetailsService bean with name customUserDetailsService
2025-09-05T19:38:17.591+03:00 DEBUG 47780 --- [           main] o.s.s.web.DefaultSecurityFilterChain     : Will secure any request with filters: DisableEncodeUrlFilter, WebAsyncManagerIntegrationFilter, SecurityContextHolderFilter, HeaderWriterFilter, CorsFilter, LogoutFilter, JwtAuthenticationFilter, RequestCacheAwareFilter, SecurityContextHolderAwareRequestFilter, AnonymousAuthenticationFilter, SessionManagementFilter, ExceptionTranslationFilter, AuthorizationFilter
2025-09-05T19:38:17.639+03:00  INFO 47780 --- [           main] o.s.b.t.m.w.SpringBootMockServletContext : Initializing Spring TestDispatcherServlet ''
2025-09-05T19:38:17.639+03:00  INFO 47780 --- [           main] o.s.t.web.servlet.TestDispatcherServlet  : Initializing Servlet ''
2025-09-05T19:38:17.639+03:00  INFO 47780 --- [           main] o.s.t.web.servlet.TestDispatcherServlet  : Completed initialization in 0 ms
2025-09-05T19:38:17.642+03:00  INFO 47780 --- [           main] c.e.m.c.LeaveControllerIntegrationTest   : Started LeaveControllerIntegrationTest in 1.344 seconds (process running for 29.264)
2025-09-05T19:38:17.884+03:00 DEBUG 47780 --- [           main] o.s.security.web.FilterChainProxy        : Securing POST /api/leaves
2025-09-05T19:38:17.958+03:00 DEBUG 47780 --- [           main] o.s.security.web.FilterChainProxy        : Secured POST /api/leaves
2025-09-05T19:38:17.967+03:00  INFO 47780 --- [           main] c.e.modfac.controller.LeaveController    : Processing leave request for employee ID: 68bb11f9e5e9f3328499a10a, type: SICK
2025-09-05T19:38:17.967+03:00  INFO 47780 --- [           main] com.example.modfac.service.MainService   : Processing leave request for employee ID: 68bb11f9e5e9f3328499a10a, type: SICK
2025-09-05T19:38:18.192+03:00  INFO 47780 --- [           main] c.example.modfac.service.LeaveService    : Leave request processed successfully with ID: 68bb11fae5e9f3328499a10c
]]></system-out>
  </testcase>
</testsuite>