<?xml version="1.0" encoding="UTF-8"?>
<testsuite xmlns:xsi="http://www.w3.org/2001/XMLSchema-instance" xsi:noNamespaceSchemaLocation="https://maven.apache.org/surefire/maven-surefire-plugin/xsd/surefire-test-report.xsd" version="3.0.2" name="com.example.modfac.controller.EmployeeControllerIntegrationTest" time="14.069" tests="6" errors="0" skipped="0" failures="0">
  <properties>
[...]
</properties>
  <testcase name="onboardEmployee_whenUnauthenticated_shouldReturnUnauthorized" classname="com.example.modfac.controller.EmployeeControllerIntegrationTest" time="0.243">
    <system-out><![CDATA[21:57:32.858 [main] INFO org.springframework.test.context.support.AnnotationConfigContextLoaderUtils -- Could not detect default configuration classes for test class [com.example.modfac.controller.EmployeeControllerIntegrationTest]: EmployeeControllerIntegrationTest does not declare any static, non-private, non-final, nested classes annotated with @Configuration.
21:57:32.978 [main] INFO org.springframework.boot.test.context.SpringBootTestContextBootstrapper -- Found @SpringBootConfiguration com.example.modfac.ModfacApplication for test class com.example.modfac.controller.EmployeeControllerIntegrationTest

  .   ____          _            __ _ _
 /\\ / ___'_ __ _ _(_)_ __  __ _ \ \ \ \
( ( )\___ | '_ | '_| | '_ \/ _` | \ \ \ \
 \\/  ___)| |_)| | | | | || (_| |  ) ) ) )
  '  |____| .__|_| |_|_| |_\__, | / / / /
 =========|_|==============|___/=/_/_/_/

 :: Spring Boot ::                (v3.4.4)

2025-09-04T21:57:33.403+03:00  INFO 42336 --- [           main] .e.m.c.EmployeeControllerIntegrationTest : Starting EmployeeControllerIntegrationTest using Java 21.0.6 with PID 42336 (started by oleksandr.chulkin in C:\Users\oleksandr.chulkin\Documents\repo\modfac)
2025-09-04T21:57:33.404+03:00  INFO 42336 --- [           main] .e.m.c.EmployeeControllerIntegrationTest : No active profile set, falling back to 1 default profile: "default"
2025-09-04T21:57:33.845+03:00  INFO 42336 --- [           main] .s.d.r.c.RepositoryConfigurationDelegate : Bootstrapping Spring Data MongoDB repositories in DEFAULT mode.
2025-09-04T21:57:33.928+03:00  INFO 42336 --- [           main] .s.d.r.c.RepositoryConfigurationDelegate : Finished Spring Data repository scanning in 72 ms. Found 3 MongoDB repository interfaces.
2025-09-04T21:57:34.660+03:00  INFO 42336 --- [ida.mongodb.net] org.mongodb.driver.cluster               : Adding discovered server pstt-shard-00-01.vnida.mongodb.net:27017 to client view of cluster
2025-09-04T21:57:34.683+03:00  INFO 42336 --- [           main] org.mongodb.driver.client                : MongoClient with metadata {"application": {"name": "myAtlasClusterEDU"}, "driver": {"name": "mongo-java-driver|sync|spring-boot", "version": "5.2.1"}, "os": {"type": "Windows", "name": "Windows 11", "architecture": "amd64", "version": "10.0"}, "platform": "Java/Eclipse Adoptium/21.0.6+7-LTS"} created with settings MongoClientSettings{readPreference=primary, writeConcern=WriteConcern{w=majority, wTimeout=null ms, journal=null}, retryWrites=true, retryReads=true, readConcern=ReadConcern{level=null}, credential=MongoCredential{mechanism=null, userName='user', source='admin', password=<hidden>, mechanismProperties=<hidden>}, transportSettings=null, commandListeners=[], codecRegistry=ProvidersCodecRegistry{codecProviders=[ValueCodecProvider{}, BsonValueCodecProvider{}, DBRefCodecProvider{}, DBObjectCodecProvider{}, DocumentCodecProvider{}, CollectionCodecProvider{}, IterableCodecProvider{}, MapCodecProvider{}, GeoJsonCodecProvider{}, GridFSFileCodecProvider{}, Jsr310CodecProvider{}, JsonObjectCodecProvider{}, BsonCodecProvider{}, EnumCodecProvider{}, com.mongodb.client.model.mql.ExpressionCodecProvider@48928b57, com.mongodb.Jep395RecordCodecProvider@29088be1, com.mongodb.KotlinCodecProvider@1c09bb7a]}, loggerSettings=LoggerSettings{maxDocumentLength=1000}, clusterSettings={hosts=[127.0.0.1:27017], srvHost=pstt.vnida.mongodb.net, srvServiceName=mongodb, mode=MULTIPLE, requiredClusterType=REPLICA_SET, requiredReplicaSetName='atlas-vhs6cs-shard-0', serverSelector='null', clusterListeners='[]', serverSelectionTimeout='30000 ms', localThreshold='15 ms'}, socketSettings=SocketSettings{connectTimeoutMS=10000, readTimeoutMS=0, receiveBufferSize=0, proxySettings=ProxySettings{host=null, port=null, username=null, password=null}}, heartbeatSocketSettings=SocketSettings{connectTimeoutMS=10000, readTimeoutMS=10000, receiveBufferSize=0, proxySettings=ProxySettings{host=null, port=null, username=null, password=null}}, connectionPoolSettings=ConnectionPoolSettings{maxSize=100, minSize=0, maxWaitTimeMS=120000, maxConnectionLifeTimeMS=0, maxConnectionIdleTimeMS=0, maintenanceInitialDelayMS=0, maintenanceFrequencyMS=60000, connectionPoolListeners=[], maxConnecting=2}, serverSettings=ServerSettings{heartbeatFrequencyMS=10000, minHeartbeatFrequencyMS=500, serverMonitoringMode=AUTO, serverListeners='[]', serverMonitorListeners='[]'}, sslSettings=SslSettings{enabled=true, invalidHostNameAllowed=false, context=null}, applicationName='myAtlasClusterEDU', compressorList=[], uuidRepresentation=JAVA_LEGACY, serverApi=null, autoEncryptionSettings=null, dnsClient=null, inetAddressResolver=null, contextProvider=null, timeoutMS=null}
2025-09-04T21:57:34.699+03:00  INFO 42336 --- [ida.mongodb.net] org.mongodb.driver.cluster               : Adding discovered server pstt-shard-00-00.vnida.mongodb.net:27017 to client view of cluster
2025-09-04T21:57:34.704+03:00  INFO 42336 --- [ida.mongodb.net] org.mongodb.driver.cluster               : Adding discovered server pstt-shard-00-02.vnida.mongodb.net:27017 to client view of cluster
2025-09-04T21:57:35.553+03:00  INFO 42336 --- [           main] org.mongodb.driver.cluster               : Waiting for server to become available for operation with ID 5. Remaining time: 29981 ms. Selector: WritableServerSelector, topology description: {type=REPLICA_SET, servers=[{address=pstt-shard-00-00.vnida.mongodb.net:27017, type=UNKNOWN, state=CONNECTING}, {address=pstt-shard-00-01.vnida.mongodb.net:27017, type=UNKNOWN, state=CONNECTING}, {address=pstt-shard-00-02.vnida.mongodb.net:27017, type=UNKNOWN, state=CONNECTING}].
2025-09-04T21:57:35.630+03:00  INFO 42336 --- [ngodb.net:27017] org.mongodb.driver.cluster               : Monitor thread successfully connected to server with description ServerDescription{address=pstt-shard-00-02.vnida.mongodb.net:27017, type=REPLICA_SET_SECONDARY, cryptd=false, state=CONNECTED, ok=true, minWireVersion=0, maxWireVersion=25, maxDocumentSize=16777216, logicalSessionTimeoutMinutes=30, roundTripTimeNanos=530164400, minRoundTripTimeNanos=0, setName='atlas-vhs6cs-shard-0', canonicalAddress=pstt-shard-00-02.vnida.mongodb.net:27017, hosts=[pstt-shard-00-02.vnida.mongodb.net:27017, pstt-shard-00-00.vnida.mongodb.net:27017, pstt-shard-00-01.vnida.mongodb.net:27017], passives=[], arbiters=[], primary='pstt-shard-00-01.vnida.mongodb.net:27017', tagSet=TagSet{[Tag{name='availabilityZone', value='euw1-az3'}, Tag{name='diskState', value='READY'}, Tag{name='nodeType', value='ELECTABLE'}, Tag{name='provider', value='AWS'}, Tag{name='region', value='EU_WEST_1'}, Tag{name='workloadType', value='OPERATIONAL'}]}, electionId=null, setVersion=147, topologyVersion=TopologyVersion{processId=68b859396df152a897b48f35, counter=3}, lastWriteDate=Thu Sep 04 21:57:35 EEST 2025, lastUpdateTimeNanos=130045764970100}
2025-09-04T21:57:35.631+03:00  INFO 42336 --- [ngodb.net:27017] org.mongodb.driver.cluster               : Monitor thread successfully connected to server with description ServerDescription{address=pstt-shard-00-01.vnida.mongodb.net:27017, type=REPLICA_SET_PRIMARY, cryptd=false, state=CONNECTED, ok=true, minWireVersion=0, maxWireVersion=25, maxDocumentSize=16777216, logicalSessionTimeoutMinutes=30, roundTripTimeNanos=529637500, minRoundTripTimeNanos=0, setName='atlas-vhs6cs-shard-0', canonicalAddress=pstt-shard-00-01.vnida.mongodb.net:27017, hosts=[pstt-shard-00-02.vnida.mongodb.net:27017, pstt-shard-00-00.vnida.mongodb.net:27017, pstt-shard-00-01.vnida.mongodb.net:27017], passives=[], arbiters=[], primary='pstt-shard-00-01.vnida.mongodb.net:27017', tagSet=TagSet{[Tag{name='availabilityZone', value='euw1-az2'}, Tag{name='diskState', value='READY'}, Tag{name='nodeType', value='ELECTABLE'}, Tag{name='provider', value='AWS'}, Tag{name='region', value='EU_WEST_1'}, Tag{name='workloadType', value='OPERATIONAL'}]}, electionId=7fffffff000000000000014d, setVersion=147, topologyVersion=TopologyVersion{processId=68b858ff473a156782756b34, counter=6}, lastWriteDate=Thu Sep 04 21:57:35 EEST 2025, lastUpdateTimeNanos=130045764970200}
2025-09-04T21:57:35.631+03:00  INFO 42336 --- [ngodb.net:27017] org.mongodb.driver.cluster               : Monitor thread successfully connected to server with description ServerDescription{address=pstt-shard-00-00.vnida.mongodb.net:27017, type=REPLICA_SET_SECONDARY, cryptd=false, state=CONNECTED, ok=true, minWireVersion=0, maxWireVersion=25, maxDocumentSize=16777216, logicalSessionTimeoutMinutes=30, roundTripTimeNanos=529718300, minRoundTripTimeNanos=0, setName='atlas-vhs6cs-shard-0', canonicalAddress=pstt-shard-00-00.vnida.mongodb.net:27017, hosts=[pstt-shard-00-02.vnida.mongodb.net:27017, pstt-shard-00-00.vnida.mongodb.net:27017, pstt-shard-00-01.vnida.mongodb.net:27017], passives=[], arbiters=[], primary='pstt-shard-00-01.vnida.mongodb.net:27017', tagSet=TagSet{[Tag{name='availabilityZone', value='euw1-az1'}, Tag{name='diskState', value='READY'}, Tag{name='nodeType', value='ELECTABLE'}, Tag{name='provider', value='AWS'}, Tag{name='region', value='EU_WEST_1'}, Tag{name='workloadType', value='OPERATIONAL'}]}, electionId=null, setVersion=147, topologyVersion=TopologyVersion{processId=68b858c53e3723c5fc10f731, counter=4}, lastWriteDate=Thu Sep 04 21:57:35 EEST 2025, lastUpdateTimeNanos=130045764970200}
2025-09-04T21:57:35.636+03:00  INFO 42336 --- [ngodb.net:27017] org.mongodb.driver.cluster               : Discovered replica set primary pstt-shard-00-01.vnida.mongodb.net:27017 with max election id 7fffffff000000000000014d and max set version 147
2025-09-04T21:57:36.488+03:00  WARN 42336 --- [           main] c.e.modfac.config.MongoDBIndexConfig     : Atlas Search is not supported on the connected MongoDB cluster: Command failed with error 59 (CommandNotFound): 'command not found' on server pstt-shard-00-01.vnida.mongodb.net:27017. The full response is {"ok": 0, "errmsg": "command not found", "code": 59, "codeName": "CommandNotFound"}
2025-09-04T21:57:36.490+03:00  INFO 42336 --- [           main] c.e.modfac.config.MongoDBIndexConfig     : Skipping Atlas Search index creation as the cluster does not support it.
2025-09-04T21:57:37.006+03:00  INFO 42336 --- [           main] r$InitializeUserDetailsManagerConfigurer : Global AuthenticationManager configured with UserDetailsService bean with name customUserDetailsService
2025-09-04T21:57:37.309+03:00 DEBUG 42336 --- [           main] o.s.s.web.DefaultSecurityFilterChain     : Will secure any request with filters: DisableEncodeUrlFilter, WebAsyncManagerIntegrationFilter, SecurityContextHolderFilter, HeaderWriterFilter, CorsFilter, LogoutFilter, JwtAuthenticationFilter, RequestCacheAwareFilter, SecurityContextHolderAwareRequestFilter, AnonymousAuthenticationFilter, SessionManagementFilter, ExceptionTranslationFilter, AuthorizationFilter
2025-09-04T21:57:37.677+03:00  INFO 42336 --- [           main] o.s.b.t.m.w.SpringBootMockServletContext : Initializing Spring TestDispatcherServlet ''
2025-09-04T21:57:37.678+03:00  INFO 42336 --- [           main] o.s.t.web.servlet.TestDispatcherServlet  : Initializing Servlet ''
2025-09-04T21:57:37.678+03:00  INFO 42336 --- [           main] o.s.t.web.servlet.TestDispatcherServlet  : Completed initialization in 0 ms
2025-09-04T21:57:37.701+03:00  INFO 42336 --- [           main] .e.m.c.EmployeeControllerIntegrationTest : Started EmployeeControllerIntegrationTest in 4.626 seconds (process running for 8.243)
2025-09-04T21:57:37.751+03:00 DEBUG 42336 --- [           main] o.s.security.web.FilterChainProxy        : Securing POST /api/employees
]]></system-out>
  </testcase>
  <testcase name="onboardEmployee_whenAdminRoleAndInvalidToken_shouldReturn401Error" classname="com.example.modfac.controller.EmployeeControllerIntegrationTest" time="0.233">
    <system-out><![CDATA[
  .   ____          _            __ _ _
 /\\ / ___'_ __ _ _(_)_ __  __ _ \ \ \ \
( ( )\___ | '_ | '_| | '_ \/ _` | \ \ \ \
 \\/  ___)| |_)| | | | | || (_| |  ) ) ) )
  '  |____| .__|_| |_|_| |_\__, | / / / /
 =========|_|==============|___/=/_/_/_/

 :: Spring Boot ::                (v3.4.4)

2025-09-04T21:57:37.995+03:00  INFO 42336 --- [           main] .e.m.c.EmployeeControllerIntegrationTest : Starting EmployeeControllerIntegrationTest using Java 21.0.6 with PID 42336 (started by oleksandr.chulkin in C:\Users\oleksandr.chulkin\Documents\repo\modfac)
2025-09-04T21:57:37.995+03:00  INFO 42336 --- [           main] .e.m.c.EmployeeControllerIntegrationTest : No active profile set, falling back to 1 default profile: "default"
2025-09-04T21:57:38.161+03:00  INFO 42336 --- [           main] .s.d.r.c.RepositoryConfigurationDelegate : Bootstrapping Spring Data MongoDB repositories in DEFAULT mode.
2025-09-04T21:57:38.187+03:00  INFO 42336 --- [           main] .s.d.r.c.RepositoryConfigurationDelegate : Finished Spring Data repository scanning in 24 ms. Found 3 MongoDB repository interfaces.
2025-09-04T21:57:38.290+03:00  INFO 42336 --- [           main] org.mongodb.driver.client                : MongoClient with metadata {"application": {"name": "myAtlasClusterEDU"}, "driver": {"name": "mongo-java-driver|sync|spring-boot", "version": "5.2.1"}, "os": {"type": "Windows", "name": "Windows 11", "architecture": "amd64", "version": "10.0"}, "platform": "Java/Eclipse Adoptium/21.0.6+7-LTS"} created with settings MongoClientSettings{readPreference=primary, writeConcern=WriteConcern{w=majority, wTimeout=null ms, journal=null}, retryWrites=true, retryReads=true, readConcern=ReadConcern{level=null}, credential=MongoCredential{mechanism=null, userName='user', source='admin', password=<hidden>, mechanismProperties=<hidden>}, transportSettings=null, commandListeners=[], codecRegistry=ProvidersCodecRegistry{codecProviders=[ValueCodecProvider{}, BsonValueCodecProvider{}, DBRefCodecProvider{}, DBObjectCodecProvider{}, DocumentCodecProvider{}, CollectionCodecProvider{}, IterableCodecProvider{}, MapCodecProvider{}, GeoJsonCodecProvider{}, GridFSFileCodecProvider{}, Jsr310CodecProvider{}, JsonObjectCodecProvider{}, BsonCodecProvider{}, EnumCodecProvider{}, com.mongodb.client.model.mql.ExpressionCodecProvider@48928b57, com.mongodb.Jep395RecordCodecProvider@29088be1, com.mongodb.KotlinCodecProvider@1c09bb7a]}, loggerSettings=LoggerSettings{maxDocumentLength=1000}, clusterSettings={hosts=[127.0.0.1:27017], srvHost=pstt.vnida.mongodb.net, srvServiceName=mongodb, mode=MULTIPLE, requiredClusterType=REPLICA_SET, requiredReplicaSetName='atlas-vhs6cs-shard-0', serverSelector='null', clusterListeners='[]', serverSelectionTimeout='30000 ms', localThreshold='15 ms'}, socketSettings=SocketSettings{connectTimeoutMS=10000, readTimeoutMS=0, receiveBufferSize=0, proxySettings=ProxySettings{host=null, port=null, username=null, password=null}}, heartbeatSocketSettings=SocketSettings{connectTimeoutMS=10000, readTimeoutMS=10000, receiveBufferSize=0, proxySettings=ProxySettings{host=null, port=null, username=null, password=null}}, connectionPoolSettings=ConnectionPoolSettings{maxSize=100, minSize=0, maxWaitTimeMS=120000, maxConnectionLifeTimeMS=0, maxConnectionIdleTimeMS=0, maintenanceInitialDelayMS=0, maintenanceFrequencyMS=60000, connectionPoolListeners=[], maxConnecting=2}, serverSettings=ServerSettings{heartbeatFrequencyMS=10000, minHeartbeatFrequencyMS=500, serverMonitoringMode=AUTO, serverListeners='[]', serverMonitorListeners='[]'}, sslSettings=SslSettings{enabled=true, invalidHostNameAllowed=false, context=null}, applicationName='myAtlasClusterEDU', compressorList=[], uuidRepresentation=JAVA_LEGACY, serverApi=null, autoEncryptionSettings=null, dnsClient=null, inetAddressResolver=null, contextProvider=null, timeoutMS=null}
2025-09-04T21:57:38.305+03:00  INFO 42336 --- [ida.mongodb.net] org.mongodb.driver.cluster               : Adding discovered server pstt-shard-00-01.vnida.mongodb.net:27017 to client view of cluster
2025-09-04T21:57:38.307+03:00  INFO 42336 --- [ida.mongodb.net] org.mongodb.driver.cluster               : Adding discovered server pstt-shard-00-00.vnida.mongodb.net:27017 to client view of cluster
2025-09-04T21:57:38.310+03:00  INFO 42336 --- [ida.mongodb.net] org.mongodb.driver.cluster               : Adding discovered server pstt-shard-00-02.vnida.mongodb.net:27017 to client view of cluster
2025-09-04T21:57:38.336+03:00  INFO 42336 --- [           main] org.mongodb.driver.cluster               : Waiting for server to become available for operation with ID 20. Remaining time: 29999 ms. Selector: WritableServerSelector, topology description: {type=REPLICA_SET, servers=[{address=pstt-shard-00-00.vnida.mongodb.net:27017, type=UNKNOWN, state=CONNECTING}, {address=pstt-shard-00-01.vnida.mongodb.net:27017, type=UNKNOWN, state=CONNECTING}, {address=pstt-shard-00-02.vnida.mongodb.net:27017, type=UNKNOWN, state=CONNECTING}].
2025-09-04T21:57:38.532+03:00  INFO 42336 --- [ngodb.net:27017] org.mongodb.driver.cluster               : Monitor thread successfully connected to server with description ServerDescription{address=pstt-shard-00-01.vnida.mongodb.net:27017, type=REPLICA_SET_PRIMARY, cryptd=false, state=CONNECTED, ok=true, minWireVersion=0, maxWireVersion=25, maxDocumentSize=16777216, logicalSessionTimeoutMinutes=30, roundTripTimeNanos=152421000, minRoundTripTimeNanos=0, setName='atlas-vhs6cs-shard-0', canonicalAddress=pstt-shard-00-01.vnida.mongodb.net:27017, hosts=[pstt-shard-00-02.vnida.mongodb.net:27017, pstt-shard-00-00.vnida.mongodb.net:27017, pstt-shard-00-01.vnida.mongodb.net:27017], passives=[], arbiters=[], primary='pstt-shard-00-01.vnida.mongodb.net:27017', tagSet=TagSet{[Tag{name='availabilityZone', value='euw1-az2'}, Tag{name='diskState', value='READY'}, Tag{name='nodeType', value='ELECTABLE'}, Tag{name='provider', value='AWS'}, Tag{name='region', value='EU_WEST_1'}, Tag{name='workloadType', value='OPERATIONAL'}]}, electionId=7fffffff000000000000014d, setVersion=147, topologyVersion=TopologyVersion{processId=68b858ff473a156782756b34, counter=6}, lastWriteDate=Thu Sep 04 21:57:38 EEST 2025, lastUpdateTimeNanos=130048668759900}
2025-09-04T21:57:38.534+03:00  INFO 42336 --- [ngodb.net:27017] org.mongodb.driver.cluster               : Discovered replica set primary pstt-shard-00-01.vnida.mongodb.net:27017 with max election id 7fffffff000000000000014d and max set version 147
2025-09-04T21:57:38.536+03:00  INFO 42336 --- [ngodb.net:27017] org.mongodb.driver.cluster               : Monitor thread successfully connected to server with description ServerDescription{address=pstt-shard-00-02.vnida.mongodb.net:27017, type=REPLICA_SET_SECONDARY, cryptd=false, state=CONNECTED, ok=true, minWireVersion=0, maxWireVersion=25, maxDocumentSize=16777216, logicalSessionTimeoutMinutes=30, roundTripTimeNanos=150254500, minRoundTripTimeNanos=0, setName='atlas-vhs6cs-shard-0', canonicalAddress=pstt-shard-00-02.vnida.mongodb.net:27017, hosts=[pstt-shard-00-02.vnida.mongodb.net:27017, pstt-shard-00-00.vnida.mongodb.net:27017, pstt-shard-00-01.vnida.mongodb.net:27017], passives=[], arbiters=[], primary='pstt-shard-00-01.vnida.mongodb.net:27017', tagSet=TagSet{[Tag{name='availabilityZone', value='euw1-az3'}, Tag{name='diskState', value='READY'}, Tag{name='nodeType', value='ELECTABLE'}, Tag{name='provider', value='AWS'}, Tag{name='region', value='EU_WEST_1'}, Tag{name='workloadType', value='OPERATIONAL'}]}, electionId=null, setVersion=147, topologyVersion=TopologyVersion{processId=68b859396df152a897b48f35, counter=3}, lastWriteDate=Thu Sep 04 21:57:38 EEST 2025, lastUpdateTimeNanos=130048672161200}
2025-09-04T21:57:38.540+03:00  INFO 42336 --- [ngodb.net:27017] org.mongodb.driver.cluster               : Monitor thread successfully connected to server with description ServerDescription{address=pstt-shard-00-00.vnida.mongodb.net:27017, type=REPLICA_SET_SECONDARY, cryptd=false, state=CONNECTED, ok=true, minWireVersion=0, maxWireVersion=25, maxDocumentSize=16777216, logicalSessionTimeoutMinutes=30, roundTripTimeNanos=154610000, minRoundTripTimeNanos=0, setName='atlas-vhs6cs-shard-0', canonicalAddress=pstt-shard-00-00.vnida.mongodb.net:27017, hosts=[pstt-shard-00-02.vnida.mongodb.net:27017, pstt-shard-00-00.vnida.mongodb.net:27017, pstt-shard-00-01.vnida.mongodb.net:27017], passives=[], arbiters=[], primary='pstt-shard-00-01.vnida.mongodb.net:27017', tagSet=TagSet{[Tag{name='availabilityZone', value='euw1-az1'}, Tag{name='diskState', value='READY'}, Tag{name='nodeType', value='ELECTABLE'}, Tag{name='provider', value='AWS'}, Tag{name='region', value='EU_WEST_1'}, Tag{name='workloadType', value='OPERATIONAL'}]}, electionId=null, setVersion=147, topologyVersion=TopologyVersion{processId=68b858c53e3723c5fc10f731, counter=4}, lastWriteDate=Thu Sep 04 21:57:38 EEST 2025, lastUpdateTimeNanos=130048677930900}
2025-09-04T21:57:39.309+03:00  WARN 42336 --- [           main] c.e.modfac.config.MongoDBIndexConfig     : Atlas Search is not supported on the connected MongoDB cluster: Command failed with error 59 (CommandNotFound): 'command not found' on server pstt-shard-00-01.vnida.mongodb.net:27017. The full response is {"ok": 0, "errmsg": "command not found", "code": 59, "codeName": "CommandNotFound"}
2025-09-04T21:57:39.309+03:00  INFO 42336 --- [           main] c.e.modfac.config.MongoDBIndexConfig     : Skipping Atlas Search index creation as the cluster does not support it.
2025-09-04T21:57:39.396+03:00  INFO 42336 --- [           main] r$InitializeUserDetailsManagerConfigurer : Global AuthenticationManager configured with UserDetailsService bean with name customUserDetailsService
2025-09-04T21:57:39.443+03:00 DEBUG 42336 --- [           main] o.s.s.web.DefaultSecurityFilterChain     : Will secure any request with filters: DisableEncodeUrlFilter, WebAsyncManagerIntegrationFilter, SecurityContextHolderFilter, HeaderWriterFilter, CorsFilter, LogoutFilter, JwtAuthenticationFilter, RequestCacheAwareFilter, SecurityContextHolderAwareRequestFilter, AnonymousAuthenticationFilter, SessionManagementFilter, ExceptionTranslationFilter, AuthorizationFilter
2025-09-04T21:57:39.500+03:00  INFO 42336 --- [           main] o.s.b.t.m.w.SpringBootMockServletContext : Initializing Spring TestDispatcherServlet ''
2025-09-04T21:57:39.501+03:00  INFO 42336 --- [           main] o.s.t.web.servlet.TestDispatcherServlet  : Initializing Servlet ''
2025-09-04T21:57:39.501+03:00  INFO 42336 --- [           main] o.s.t.web.servlet.TestDispatcherServlet  : Completed initialization in 0 ms
2025-09-04T21:57:39.507+03:00  INFO 42336 --- [           main] .e.m.c.EmployeeControllerIntegrationTest : Started EmployeeControllerIntegrationTest in 1.548 seconds (process running for 10.049)
2025-09-04T21:57:39.520+03:00 DEBUG 42336 --- [           main] o.s.security.web.FilterChainProxy        : Securing POST /api/employees
]]></system-out>
  </testcase>
  <testcase name="onboardEmployee_whenInvalidDto_shouldReturnBadRequest" classname="com.example.modfac.controller.EmployeeControllerIntegrationTest" time="0.348">
    <system-out><![CDATA[
  .   ____          _            __ _ _
 /\\ / ___'_ __ _ _(_)_ __  __ _ \ \ \ \
( ( )\___ | '_ | '_| | '_ \/ _` | \ \ \ \
 \\/  ___)| |_)| | | | | || (_| |  ) ) ) )
  '  |____| .__|_| |_|_| |_\__, | / / / /
 =========|_|==============|___/=/_/_/_/

 :: Spring Boot ::                (v3.4.4)

2025-09-04T21:57:39.798+03:00  INFO 42336 --- [           main] .e.m.c.EmployeeControllerIntegrationTest : Starting EmployeeControllerIntegrationTest using Java 21.0.6 with PID 42336 (started by oleksandr.chulkin in C:\Users\oleksandr.chulkin\Documents\repo\modfac)
2025-09-04T21:57:39.798+03:00  INFO 42336 --- [           main] .e.m.c.EmployeeControllerIntegrationTest : No active profile set, falling back to 1 default profile: "default"
2025-09-04T21:57:39.924+03:00  INFO 42336 --- [           main] .s.d.r.c.RepositoryConfigurationDelegate : Bootstrapping Spring Data MongoDB repositories in DEFAULT mode.
2025-09-04T21:57:39.946+03:00  INFO 42336 --- [           main] .s.d.r.c.RepositoryConfigurationDelegate : Finished Spring Data repository scanning in 21 ms. Found 3 MongoDB repository interfaces.
2025-09-04T21:57:40.009+03:00  INFO 42336 --- [           main] org.mongodb.driver.client                : MongoClient with metadata {"application": {"name": "myAtlasClusterEDU"}, "driver": {"name": "mongo-java-driver|sync|spring-boot", "version": "5.2.1"}, "os": {"type": "Windows", "name": "Windows 11", "architecture": "amd64", "version": "10.0"}, "platform": "Java/Eclipse Adoptium/21.0.6+7-LTS"} created with settings MongoClientSettings{readPreference=primary, writeConcern=WriteConcern{w=majority, wTimeout=null ms, journal=null}, retryWrites=true, retryReads=true, readConcern=ReadConcern{level=null}, credential=MongoCredential{mechanism=null, userName='user', source='admin', password=<hidden>, mechanismProperties=<hidden>}, transportSettings=null, commandListeners=[], codecRegistry=ProvidersCodecRegistry{codecProviders=[ValueCodecProvider{}, BsonValueCodecProvider{}, DBRefCodecProvider{}, DBObjectCodecProvider{}, DocumentCodecProvider{}, CollectionCodecProvider{}, IterableCodecProvider{}, MapCodecProvider{}, GeoJsonCodecProvider{}, GridFSFileCodecProvider{}, Jsr310CodecProvider{}, JsonObjectCodecProvider{}, BsonCodecProvider{}, EnumCodecProvider{}, com.mongodb.client.model.mql.ExpressionCodecProvider@48928b57, com.mongodb.Jep395RecordCodecProvider@29088be1, com.mongodb.KotlinCodecProvider@1c09bb7a]}, loggerSettings=LoggerSettings{maxDocumentLength=1000}, clusterSettings={hosts=[127.0.0.1:27017], srvHost=pstt.vnida.mongodb.net, srvServiceName=mongodb, mode=MULTIPLE, requiredClusterType=REPLICA_SET, requiredReplicaSetName='atlas-vhs6cs-shard-0', serverSelector='null', clusterListeners='[]', serverSelectionTimeout='30000 ms', localThreshold='15 ms'}, socketSettings=SocketSettings{connectTimeoutMS=10000, readTimeoutMS=0, receiveBufferSize=0, proxySettings=ProxySettings{host=null, port=null, username=null, password=null}}, heartbeatSocketSettings=SocketSettings{connectTimeoutMS=10000, readTimeoutMS=10000, receiveBufferSize=0, proxySettings=ProxySettings{host=null, port=null, username=null, password=null}}, connectionPoolSettings=ConnectionPoolSettings{maxSize=100, minSize=0, maxWaitTimeMS=120000, maxConnectionLifeTimeMS=0, maxConnectionIdleTimeMS=0, maintenanceInitialDelayMS=0, maintenanceFrequencyMS=60000, connectionPoolListeners=[], maxConnecting=2}, serverSettings=ServerSettings{heartbeatFrequencyMS=10000, minHeartbeatFrequencyMS=500, serverMonitoringMode=AUTO, serverListeners='[]', serverMonitorListeners='[]'}, sslSettings=SslSettings{enabled=true, invalidHostNameAllowed=false, context=null}, applicationName='myAtlasClusterEDU', compressorList=[], uuidRepresentation=JAVA_LEGACY, serverApi=null, autoEncryptionSettings=null, dnsClient=null, inetAddressResolver=null, contextProvider=null, timeoutMS=null}
2025-09-04T21:57:40.027+03:00  INFO 42336 --- [ida.mongodb.net] org.mongodb.driver.cluster               : Adding discovered server pstt-shard-00-01.vnida.mongodb.net:27017 to client view of cluster
2025-09-04T21:57:40.029+03:00  INFO 42336 --- [ida.mongodb.net] org.mongodb.driver.cluster               : Adding discovered server pstt-shard-00-00.vnida.mongodb.net:27017 to client view of cluster
2025-09-04T21:57:40.031+03:00  INFO 42336 --- [ida.mongodb.net] org.mongodb.driver.cluster               : Adding discovered server pstt-shard-00-02.vnida.mongodb.net:27017 to client view of cluster
2025-09-04T21:57:40.036+03:00  INFO 42336 --- [           main] org.mongodb.driver.cluster               : Waiting for server to become available for operation with ID 35. Remaining time: 29999 ms. Selector: WritableServerSelector, topology description: {type=REPLICA_SET, servers=[{address=pstt-shard-00-00.vnida.mongodb.net:27017, type=UNKNOWN, state=CONNECTING}, {address=pstt-shard-00-01.vnida.mongodb.net:27017, type=UNKNOWN, state=CONNECTING}, {address=pstt-shard-00-02.vnida.mongodb.net:27017, type=UNKNOWN, state=CONNECTING}].
2025-09-04T21:57:40.252+03:00  INFO 42336 --- [ngodb.net:27017] org.mongodb.driver.cluster               : Monitor thread successfully connected to server with description ServerDescription{address=pstt-shard-00-02.vnida.mongodb.net:27017, type=REPLICA_SET_SECONDARY, cryptd=false, state=CONNECTED, ok=true, minWireVersion=0, maxWireVersion=25, maxDocumentSize=16777216, logicalSessionTimeoutMinutes=30, roundTripTimeNanos=148243700, minRoundTripTimeNanos=0, setName='atlas-vhs6cs-shard-0', canonicalAddress=pstt-shard-00-02.vnida.mongodb.net:27017, hosts=[pstt-shard-00-02.vnida.mongodb.net:27017, pstt-shard-00-00.vnida.mongodb.net:27017, pstt-shard-00-01.vnida.mongodb.net:27017], passives=[], arbiters=[], primary='pstt-shard-00-01.vnida.mongodb.net:27017', tagSet=TagSet{[Tag{name='availabilityZone', value='euw1-az3'}, Tag{name='diskState', value='READY'}, Tag{name='nodeType', value='ELECTABLE'}, Tag{name='provider', value='AWS'}, Tag{name='region', value='EU_WEST_1'}, Tag{name='workloadType', value='OPERATIONAL'}]}, electionId=null, setVersion=147, topologyVersion=TopologyVersion{processId=68b859396df152a897b48f35, counter=3}, lastWriteDate=Thu Sep 04 21:57:40 EEST 2025, lastUpdateTimeNanos=130050388532600}
2025-09-04T21:57:40.254+03:00  INFO 42336 --- [ngodb.net:27017] org.mongodb.driver.cluster               : Monitor thread successfully connected to server with description ServerDescription{address=pstt-shard-00-00.vnida.mongodb.net:27017, type=REPLICA_SET_SECONDARY, cryptd=false, state=CONNECTED, ok=true, minWireVersion=0, maxWireVersion=25, maxDocumentSize=16777216, logicalSessionTimeoutMinutes=30, roundTripTimeNanos=152459800, minRoundTripTimeNanos=0, setName='atlas-vhs6cs-shard-0', canonicalAddress=pstt-shard-00-00.vnida.mongodb.net:27017, hosts=[pstt-shard-00-02.vnida.mongodb.net:27017, pstt-shard-00-00.vnida.mongodb.net:27017, pstt-shard-00-01.vnida.mongodb.net:27017], passives=[], arbiters=[], primary='pstt-shard-00-01.vnida.mongodb.net:27017', tagSet=TagSet{[Tag{name='availabilityZone', value='euw1-az1'}, Tag{name='diskState', value='READY'}, Tag{name='nodeType', value='ELECTABLE'}, Tag{name='provider', value='AWS'}, Tag{name='region', value='EU_WEST_1'}, Tag{name='workloadType', value='OPERATIONAL'}]}, electionId=null, setVersion=147, topologyVersion=TopologyVersion{processId=68b858c53e3723c5fc10f731, counter=4}, lastWriteDate=Thu Sep 04 21:57:40 EEST 2025, lastUpdateTimeNanos=130050390436300}
2025-09-04T21:57:40.255+03:00  INFO 42336 --- [ngodb.net:27017] org.mongodb.driver.cluster               : Monitor thread successfully connected to server with description ServerDescription{address=pstt-shard-00-01.vnida.mongodb.net:27017, type=REPLICA_SET_PRIMARY, cryptd=false, state=CONNECTED, ok=true, minWireVersion=0, maxWireVersion=25, maxDocumentSize=16777216, logicalSessionTimeoutMinutes=30, roundTripTimeNanos=151659500, minRoundTripTimeNanos=0, setName='atlas-vhs6cs-shard-0', canonicalAddress=pstt-shard-00-01.vnida.mongodb.net:27017, hosts=[pstt-shard-00-02.vnida.mongodb.net:27017, pstt-shard-00-00.vnida.mongodb.net:27017, pstt-shard-00-01.vnida.mongodb.net:27017], passives=[], arbiters=[], primary='pstt-shard-00-01.vnida.mongodb.net:27017', tagSet=TagSet{[Tag{name='availabilityZone', value='euw1-az2'}, Tag{name='diskState', value='READY'}, Tag{name='nodeType', value='ELECTABLE'}, Tag{name='provider', value='AWS'}, Tag{name='region', value='EU_WEST_1'}, Tag{name='workloadType', value='OPERATIONAL'}]}, electionId=7fffffff000000000000014d, setVersion=147, topologyVersion=TopologyVersion{processId=68b858ff473a156782756b34, counter=6}, lastWriteDate=Thu Sep 04 21:57:40 EEST 2025, lastUpdateTimeNanos=130050391077800}
2025-09-04T21:57:40.257+03:00  INFO 42336 --- [ngodb.net:27017] org.mongodb.driver.cluster               : Discovered replica set primary pstt-shard-00-01.vnida.mongodb.net:27017 with max election id 7fffffff000000000000014d and max set version 147
2025-09-04T21:57:40.985+03:00  WARN 42336 --- [           main] c.e.modfac.config.MongoDBIndexConfig     : Atlas Search is not supported on the connected MongoDB cluster: Command failed with error 59 (CommandNotFound): 'command not found' on server pstt-shard-00-01.vnida.mongodb.net:27017. The full response is {"ok": 0, "errmsg": "command not found", "code": 59, "codeName": "CommandNotFound"}
2025-09-04T21:57:40.987+03:00  INFO 42336 --- [           main] c.e.modfac.config.MongoDBIndexConfig     : Skipping Atlas Search index creation as the cluster does not support it.
2025-09-04T21:57:41.068+03:00  INFO 42336 --- [           main] r$InitializeUserDetailsManagerConfigurer : Global AuthenticationManager configured with UserDetailsService bean with name customUserDetailsService
2025-09-04T21:57:41.098+03:00 DEBUG 42336 --- [           main] o.s.s.web.DefaultSecurityFilterChain     : Will secure any request with filters: DisableEncodeUrlFilter, WebAsyncManagerIntegrationFilter, SecurityContextHolderFilter, HeaderWriterFilter, CorsFilter, LogoutFilter, JwtAuthenticationFilter, RequestCacheAwareFilter, SecurityContextHolderAwareRequestFilter, AnonymousAuthenticationFilter, SessionManagementFilter, ExceptionTranslationFilter, AuthorizationFilter
2025-09-04T21:57:41.156+03:00  INFO 42336 --- [           main] o.s.b.t.m.w.SpringBootMockServletContext : Initializing Spring TestDispatcherServlet ''
2025-09-04T21:57:41.156+03:00  INFO 42336 --- [           main] o.s.t.web.servlet.TestDispatcherServlet  : Initializing Servlet ''
2025-09-04T21:57:41.157+03:00  INFO 42336 --- [           main] o.s.t.web.servlet.TestDispatcherServlet  : Completed initialization in 1 ms
2025-09-04T21:57:41.164+03:00  INFO 42336 --- [           main] .e.m.c.EmployeeControllerIntegrationTest : Started EmployeeControllerIntegrationTest in 1.419 seconds (process running for 11.706)
2025-09-04T21:57:41.197+03:00 DEBUG 42336 --- [           main] o.s.security.web.FilterChainProxy        : Securing POST /api/employees
2025-09-04T21:57:41.312+03:00 ERROR 42336 --- [           main] c.e.m.security.JwtAuthenticationFilter   : Could not set user authentication in security context

org.springframework.security.core.userdetails.UsernameNotFoundException: User not found: admin1
	at com.example.modfac.security.CustomUserDetailsService.lambda$loadUserByUsername$0(CustomUserDetailsService.java:23) ~[classes/:na]
	at java.base/java.util.Optional.orElseThrow(Optional.java:403) ~[na:na]
	at com.example.modfac.security.CustomUserDetailsService.loadUserByUsername(CustomUserDetailsService.java:23) ~[classes/:na]
	at com.example.modfac.security.JwtAuthenticationFilter.doFilterInternal(JwtAuthenticationFilter.java:39) ~[classes/:na]
	at org.springframework.web.filter.OncePerRequestFilter.doFilter(OncePerRequestFilter.java:116) ~[spring-web-6.2.5.jar:6.2.5]
	at org.springframework.security.web.FilterChainProxy$VirtualFilterChain.doFilter(FilterChainProxy.java:374) ~[spring-security-web-6.4.4.jar:6.4.4]
	at org.springframework.security.web.authentication.logout.LogoutFilter.doFilter(LogoutFilter.java:107) ~[spring-security-web-6.4.4.jar:6.4.4]
	at org.springframework.security.web.authentication.logout.LogoutFilter.doFilter(LogoutFilter.java:93) ~[spring-security-web-6.4.4.jar:6.4.4]
	at org.springframework.security.web.FilterChainProxy$VirtualFilterChain.doFilter(FilterChainProxy.java:374) ~[spring-security-web-6.4.4.jar:6.4.4]
	at org.springframework.web.filter.CorsFilter.doFilterInternal(CorsFilter.java:91) ~[spring-web-6.2.5.jar:6.2.5]
	at org.springframework.web.filter.OncePerRequestFilter.doFilter(OncePerRequestFilter.java:116) ~[spring-web-6.2.5.jar:6.2.5]
	at org.springframework.security.web.FilterChainProxy$VirtualFilterChain.doFilter(FilterChainProxy.java:374) ~[spring-security-web-6.4.4.jar:6.4.4]
	at org.springframework.security.web.header.HeaderWriterFilter.doHeadersAfter(HeaderWriterFilter.java:90) ~[spring-security-web-6.4.4.jar:6.4.4]
	at org.springframework.security.web.header.HeaderWriterFilter.doFilterInternal(HeaderWriterFilter.java:75) ~[spring-security-web-6.4.4.jar:6.4.4]
	at org.springframework.web.filter.OncePerRequestFilter.doFilter(OncePerRequestFilter.java:116) ~[spring-web-6.2.5.jar:6.2.5]
	at org.springframework.security.web.FilterChainProxy$VirtualFilterChain.doFilter(FilterChainProxy.java:374) ~[spring-security-web-6.4.4.jar:6.4.4]
	at org.springframework.security.web.context.SecurityContextHolderFilter.doFilter(SecurityContextHolderFilter.java:82) ~[spring-security-web-6.4.4.jar:6.4.4]
	at org.springframework.security.web.context.SecurityContextHolderFilter.doFilter(SecurityContextHolderFilter.java:69) ~[spring-security-web-6.4.4.jar:6.4.4]
	at org.springframework.security.web.FilterChainProxy$VirtualFilterChain.doFilter(FilterChainProxy.java:374) ~[spring-security-web-6.4.4.jar:6.4.4]
	at org.springframework.security.web.context.request.async.WebAsyncManagerIntegrationFilter.doFilterInternal(WebAsyncManagerIntegrationFilter.java:62) ~[spring-security-web-6.4.4.jar:6.4.4]
	at org.springframework.web.filter.OncePerRequestFilter.doFilter(OncePerRequestFilter.java:116) ~[spring-web-6.2.5.jar:6.2.5]
	at org.springframework.security.web.FilterChainProxy$VirtualFilterChain.doFilter(FilterChainProxy.java:374) ~[spring-security-web-6.4.4.jar:6.4.4]
	at org.springframework.security.web.session.DisableEncodeUrlFilter.doFilterInternal(DisableEncodeUrlFilter.java:42) ~[spring-security-web-6.4.4.jar:6.4.4]
	at org.springframework.web.filter.OncePerRequestFilter.doFilter(OncePerRequestFilter.java:116) ~[spring-web-6.2.5.jar:6.2.5]
	at org.springframework.security.web.FilterChainProxy$VirtualFilterChain.doFilter(FilterChainProxy.java:374) ~[spring-security-web-6.4.4.jar:6.4.4]
	at org.springframework.security.web.FilterChainProxy.doFilterInternal(FilterChainProxy.java:233) ~[spring-security-web-6.4.4.jar:6.4.4]
	at org.springframework.security.web.FilterChainProxy.doFilter(FilterChainProxy.java:191) ~[spring-security-web-6.4.4.jar:6.4.4]
	at org.springframework.web.filter.CompositeFilter$VirtualFilterChain.doFilter(CompositeFilter.java:113) ~[spring-web-6.2.5.jar:6.2.5]
	at org.springframework.web.servlet.handler.HandlerMappingIntrospector.lambda$createCacheFilter$3(HandlerMappingIntrospector.java:243) ~[spring-webmvc-6.2.5.jar:6.2.5]
	at org.springframework.web.filter.CompositeFilter$VirtualFilterChain.doFilter(CompositeFilter.java:113) ~[spring-web-6.2.5.jar:6.2.5]
	at org.springframework.web.filter.CompositeFilter.doFilter(CompositeFilter.java:74) ~[spring-web-6.2.5.jar:6.2.5]
	at org.springframework.security.config.annotation.web.configuration.WebMvcSecurityConfiguration$CompositeFilterChainProxy.doFilter(WebMvcSecurityConfiguration.java:238) ~[spring-security-config-6.4.4.jar:6.4.4]
	at org.springframework.web.filter.DelegatingFilterProxy.invokeDelegate(DelegatingFilterProxy.java:362) ~[spring-web-6.2.5.jar:6.2.5]
	at org.springframework.web.filter.DelegatingFilterProxy.doFilter(DelegatingFilterProxy.java:278) ~[spring-web-6.2.5.jar:6.2.5]
	at org.springframework.test.web.servlet.setup.MockMvcFilterDecorator.doFilter(MockMvcFilterDecorator.java:162) ~[spring-test-6.2.5.jar:6.2.5]
	at org.springframework.mock.web.MockFilterChain.doFilter(MockFilterChain.java:132) ~[spring-test-6.2.5.jar:6.2.5]
	at org.springframework.web.filter.RequestContextFilter.doFilterInternal(RequestContextFilter.java:100) ~[spring-web-6.2.5.jar:6.2.5]
	at org.springframework.web.filter.OncePerRequestFilter.doFilter(OncePerRequestFilter.java:116) ~[spring-web-6.2.5.jar:6.2.5]
	at org.springframework.test.web.servlet.setup.MockMvcFilterDecorator.doFilter(MockMvcFilterDecorator.java:162) ~[spring-test-6.2.5.jar:6.2.5]
	at org.springframework.mock.web.MockFilterChain.doFilter(MockFilterChain.java:132) ~[spring-test-6.2.5.jar:6.2.5]
	at org.springframework.web.filter.FormContentFilter.doFilterInternal(FormContentFilter.java:93) ~[spring-web-6.2.5.jar:6.2.5]
	at org.springframework.web.filter.OncePerRequestFilter.doFilter(OncePerRequestFilter.java:116) ~[spring-web-6.2.5.jar:6.2.5]
	at org.springframework.test.web.servlet.setup.MockMvcFilterDecorator.doFilter(MockMvcFilterDecorator.java:162) ~[spring-test-6.2.5.jar:6.2.5]
	at org.springframework.mock.web.MockFilterChain.doFilter(MockFilterChain.java:132) ~[spring-test-6.2.5.jar:6.2.5]
	at org.springframework.web.filter.CharacterEncodingFilter.doFilterInternal(CharacterEncodingFilter.java:201) ~[spring-web-6.2.5.jar:6.2.5]
	at org.springframework.web.filter.OncePerRequestFilter.doFilter(OncePerRequestFilter.java:116) ~[spring-web-6.2.5.jar:6.2.5]
	at org.springframework.test.web.servlet.setup.MockMvcFilterDecorator.doFilter(MockMvcFilterDecorator.java:162) ~[spring-test-6.2.5.jar:6.2.5]
	at org.springframework.mock.web.MockFilterChain.doFilter(MockFilterChain.java:132) ~[spring-test-6.2.5.jar:6.2.5]
	at org.springframework.test.web.servlet.MockMvc.perform(MockMvc.java:201) ~[spring-test-6.2.5.jar:6.2.5]
	at com.example.modfac.controller.EmployeeControllerIntegrationTest.onboardEmployee_whenInvalidDto_shouldReturnBadRequest(EmployeeControllerIntegrationTest.java:193) ~[test-classes/:na]
	at java.base/jdk.internal.reflect.DirectMethodHandleAccessor.invoke(DirectMethodHandleAccessor.java:103) ~[na:na]
	at java.base/java.lang.reflect.Method.invoke(Method.java:580) ~[na:na]
	at org.junit.platform.commons.util.ReflectionUtils.invokeMethod(ReflectionUtils.java:767) ~[junit-platform-commons-1.11.4.jar:1.11.4]
	at org.junit.jupiter.engine.execution.MethodInvocation.proceed(MethodInvocation.java:60) ~[junit-jupiter-engine-5.11.4.jar:5.11.4]
	at org.junit.jupiter.engine.execution.InvocationInterceptorChain$ValidatingInvocation.proceed(InvocationInterceptorChain.java:131) ~[junit-jupiter-engine-5.11.4.jar:5.11.4]
	at org.junit.jupiter.engine.extension.TimeoutExtension.intercept(TimeoutExtension.java:156) ~[junit-jupiter-engine-5.11.4.jar:5.11.4]
	at org.junit.jupiter.engine.extension.TimeoutExtension.interceptTestableMethod(TimeoutExtension.java:147) ~[junit-jupiter-engine-5.11.4.jar:5.11.4]
	at org.junit.jupiter.engine.extension.TimeoutExtension.interceptTestMethod(TimeoutExtension.java:86) ~[junit-jupiter-engine-5.11.4.jar:5.11.4]
	at org.junit.jupiter.engine.execution.InterceptingExecutableInvoker$ReflectiveInterceptorCall.lambda$ofVoidMethod$0(InterceptingExecutableInvoker.java:103) ~[junit-jupiter-engine-5.11.4.jar:5.11.4]
	at org.junit.jupiter.engine.execution.InterceptingExecutableInvoker.lambda$invoke$0(InterceptingExecutableInvoker.java:93) ~[junit-jupiter-engine-5.11.4.jar:5.11.4]
	at org.junit.jupiter.engine.execution.InvocationInterceptorChain$InterceptedInvocation.proceed(InvocationInterceptorChain.java:106) ~[junit-jupiter-engine-5.11.4.jar:5.11.4]
	at org.junit.jupiter.engine.execution.InvocationInterceptorChain.proceed(InvocationInterceptorChain.java:64) ~[junit-jupiter-engine-5.11.4.jar:5.11.4]
	at org.junit.jupiter.engine.execution.InvocationInterceptorChain.chainAndInvoke(InvocationInterceptorChain.java:45) ~[junit-jupiter-engine-5.11.4.jar:5.11.4]
	at org.junit.jupiter.engine.execution.InvocationInterceptorChain.invoke(InvocationInterceptorChain.java:37) ~[junit-jupiter-engine-5.11.4.jar:5.11.4]
	at org.junit.jupiter.engine.execution.InterceptingExecutableInvoker.invoke(InterceptingExecutableInvoker.java:92) ~[junit-jupiter-engine-5.11.4.jar:5.11.4]
	at org.junit.jupiter.engine.execution.InterceptingExecutableInvoker.invoke(InterceptingExecutableInvoker.java:86) ~[junit-jupiter-engine-5.11.4.jar:5.11.4]
	at org.junit.jupiter.engine.descriptor.TestMethodTestDescriptor.lambda$invokeTestMethod$8(TestMethodTestDescriptor.java:217) ~[junit-jupiter-engine-5.11.4.jar:5.11.4]
	at org.junit.platform.engine.support.hierarchical.ThrowableCollector.execute(ThrowableCollector.java:73) ~[junit-platform-engine-1.11.4.jar:1.11.4]
	at org.junit.jupiter.engine.descriptor.TestMethodTestDescriptor.invokeTestMethod(TestMethodTestDescriptor.java:213) ~[junit-jupiter-engine-5.11.4.jar:5.11.4]
	at org.junit.jupiter.engine.descriptor.TestMethodTestDescriptor.execute(TestMethodTestDescriptor.java:138) ~[junit-jupiter-engine-5.11.4.jar:5.11.4]
	at org.junit.jupiter.engine.descriptor.TestMethodTestDescriptor.execute(TestMethodTestDescriptor.java:68) ~[junit-jupiter-engine-5.11.4.jar:5.11.4]
	at org.junit.platform.engine.support.hierarchical.NodeTestTask.lambda$executeRecursively$6(NodeTestTask.java:156) ~[junit-platform-engine-1.11.4.jar:1.11.4]
	at org.junit.platform.engine.support.hierarchical.ThrowableCollector.execute(ThrowableCollector.java:73) ~[junit-platform-engine-1.11.4.jar:1.11.4]
	at org.junit.platform.engine.support.hierarchical.NodeTestTask.lambda$executeRecursively$8(NodeTestTask.java:146) ~[junit-platform-engine-1.11.4.jar:1.11.4]
	at org.junit.platform.engine.support.hierarchical.Node.around(Node.java:137) ~[junit-platform-engine-1.11.4.jar:1.11.4]
	at org.junit.platform.engine.support.hierarchical.NodeTestTask.lambda$executeRecursively$9(NodeTestTask.java:144) ~[junit-platform-engine-1.11.4.jar:1.11.4]
	at org.junit.platform.engine.support.hierarchical.ThrowableCollector.execute(ThrowableCollector.java:73) ~[junit-platform-engine-1.11.4.jar:1.11.4]
	at org.junit.platform.engine.support.hierarchical.NodeTestTask.executeRecursively(NodeTestTask.java:143) ~[junit-platform-engine-1.11.4.jar:1.11.4]
	at org.junit.platform.engine.support.hierarchical.NodeTestTask.execute(NodeTestTask.java:100) ~[junit-platform-engine-1.11.4.jar:1.11.4]
	at java.base/java.util.ArrayList.forEach(ArrayList.java:1596) ~[na:na]
	at org.junit.platform.engine.support.hierarchical.SameThreadHierarchicalTestExecutorService.invokeAll(SameThreadHierarchicalTestExecutorService.java:41) ~[junit-platform-engine-1.11.4.jar:1.11.4]
	at org.junit.platform.engine.support.hierarchical.NodeTestTask.lambda$executeRecursively$6(NodeTestTask.java:160) ~[junit-platform-engine-1.11.4.jar:1.11.4]
	at org.junit.platform.engine.support.hierarchical.ThrowableCollector.execute(ThrowableCollector.java:73) ~[junit-platform-engine-1.11.4.jar:1.11.4]
	at org.junit.platform.engine.support.hierarchical.NodeTestTask.lambda$executeRecursively$8(NodeTestTask.java:146) ~[junit-platform-engine-1.11.4.jar:1.11.4]
	at org.junit.platform.engine.support.hierarchical.Node.around(Node.java:137) ~[junit-platform-engine-1.11.4.jar:1.11.4]
	at org.junit.platform.engine.support.hierarchical.NodeTestTask.lambda$executeRecursively$9(NodeTestTask.java:144) ~[junit-platform-engine-1.11.4.jar:1.11.4]
	at org.junit.platform.engine.support.hierarchical.ThrowableCollector.execute(ThrowableCollector.java:73) ~[junit-platform-engine-1.11.4.jar:1.11.4]
	at org.junit.platform.engine.support.hierarchical.NodeTestTask.executeRecursively(NodeTestTask.java:143) ~[junit-platform-engine-1.11.4.jar:1.11.4]
	at org.junit.platform.engine.support.hierarchical.NodeTestTask.execute(NodeTestTask.java:100) ~[junit-platform-engine-1.11.4.jar:1.11.4]
	at java.base/java.util.ArrayList.forEach(ArrayList.java:1596) ~[na:na]
	at org.junit.platform.engine.support.hierarchical.SameThreadHierarchicalTestExecutorService.invokeAll(SameThreadHierarchicalTestExecutorService.java:41) ~[junit-platform-engine-1.11.4.jar:1.11.4]
	at org.junit.platform.engine.support.hierarchical.NodeTestTask.lambda$executeRecursively$6(NodeTestTask.java:160) ~[junit-platform-engine-1.11.4.jar:1.11.4]
	at org.junit.platform.engine.support.hierarchical.ThrowableCollector.execute(ThrowableCollector.java:73) ~[junit-platform-engine-1.11.4.jar:1.11.4]
	at org.junit.platform.engine.support.hierarchical.NodeTestTask.lambda$executeRecursively$8(NodeTestTask.java:146) ~[junit-platform-engine-1.11.4.jar:1.11.4]
	at org.junit.platform.engine.support.hierarchical.Node.around(Node.java:137) ~[junit-platform-engine-1.11.4.jar:1.11.4]
	at org.junit.platform.engine.support.hierarchical.NodeTestTask.lambda$executeRecursively$9(NodeTestTask.java:144) ~[junit-platform-engine-1.11.4.jar:1.11.4]
	at org.junit.platform.engine.support.hierarchical.ThrowableCollector.execute(ThrowableCollector.java:73) ~[junit-platform-engine-1.11.4.jar:1.11.4]
	at org.junit.platform.engine.support.hierarchical.NodeTestTask.executeRecursively(NodeTestTask.java:143) ~[junit-platform-engine-1.11.4.jar:1.11.4]
	at org.junit.platform.engine.support.hierarchical.NodeTestTask.execute(NodeTestTask.java:100) ~[junit-platform-engine-1.11.4.jar:1.11.4]
	at org.junit.platform.engine.support.hierarchical.SameThreadHierarchicalTestExecutorService.submit(SameThreadHierarchicalTestExecutorService.java:35) ~[junit-platform-engine-1.11.4.jar:1.11.4]
	at org.junit.platform.engine.support.hierarchical.HierarchicalTestExecutor.execute(HierarchicalTestExecutor.java:57) ~[junit-platform-engine-1.11.4.jar:1.11.4]
	at org.junit.platform.engine.support.hierarchical.HierarchicalTestEngine.execute(HierarchicalTestEngine.java:54) ~[junit-platform-engine-1.11.4.jar:1.11.4]
	at org.junit.platform.launcher.core.EngineExecutionOrchestrator.execute(EngineExecutionOrchestrator.java:198) ~[junit-platform-launcher-1.11.4.jar:1.11.4]
	at org.junit.platform.launcher.core.EngineExecutionOrchestrator.execute(EngineExecutionOrchestrator.java:169) ~[junit-platform-launcher-1.11.4.jar:1.11.4]
	at org.junit.platform.launcher.core.EngineExecutionOrchestrator.execute(EngineExecutionOrchestrator.java:93) ~[junit-platform-launcher-1.11.4.jar:1.11.4]
	at org.junit.platform.launcher.core.EngineExecutionOrchestrator.lambda$execute$0(EngineExecutionOrchestrator.java:58) ~[junit-platform-launcher-1.11.4.jar:1.11.4]
	at org.junit.platform.launcher.core.EngineExecutionOrchestrator.withInterceptedStreams(EngineExecutionOrchestrator.java:141) ~[junit-platform-launcher-1.11.4.jar:1.11.4]
	at org.junit.platform.launcher.core.EngineExecutionOrchestrator.execute(EngineExecutionOrchestrator.java:57) ~[junit-platform-launcher-1.11.4.jar:1.11.4]
	at org.junit.platform.launcher.core.DefaultLauncher.execute(DefaultLauncher.java:103) ~[junit-platform-launcher-1.11.4.jar:1.11.4]
	at org.junit.platform.launcher.core.DefaultLauncher.execute(DefaultLauncher.java:85) ~[junit-platform-launcher-1.11.4.jar:1.11.4]
	at org.junit.platform.launcher.core.DelegatingLauncher.execute(DelegatingLauncher.java:47) ~[junit-platform-launcher-1.11.4.jar:1.11.4]
	at org.apache.maven.surefire.junitplatform.LazyLauncher.execute(LazyLauncher.java:56) ~[surefire-junit-platform-3.5.2.jar:3.5.2]
	at org.apache.maven.surefire.junitplatform.JUnitPlatformProvider.execute(JUnitPlatformProvider.java:184) ~[surefire-junit-platform-3.5.2.jar:3.5.2]
	at org.apache.maven.surefire.junitplatform.JUnitPlatformProvider.invokeAllTests(JUnitPlatformProvider.java:148) ~[surefire-junit-platform-3.5.2.jar:3.5.2]
	at org.apache.maven.surefire.junitplatform.JUnitPlatformProvider.invoke(JUnitPlatformProvider.java:122) ~[surefire-junit-platform-3.5.2.jar:3.5.2]
	at org.apache.maven.surefire.booter.ForkedBooter.runSuitesInProcess(ForkedBooter.java:385) ~[surefire-booter-3.5.2.jar:3.5.2]
	at org.apache.maven.surefire.booter.ForkedBooter.execute(ForkedBooter.java:162) ~[surefire-booter-3.5.2.jar:3.5.2]
	at org.apache.maven.surefire.booter.ForkedBooter.run(ForkedBooter.java:507) ~[surefire-booter-3.5.2.jar:3.5.2]
	at org.apache.maven.surefire.booter.ForkedBooter.main(ForkedBooter.java:495) ~[surefire-booter-3.5.2.jar:3.5.2]

2025-09-04T21:57:41.320+03:00 DEBUG 42336 --- [           main] o.s.security.web.FilterChainProxy        : Secured POST /api/employees
]]></system-out>
  </testcase>
  <testcase name="onboardEmployee_whenUserRoleAndTokenNotProvided_shouldReturn401Error" classname="com.example.modfac.controller.EmployeeControllerIntegrationTest" time="0.154">
    <system-out><![CDATA[
  .   ____          _            __ _ _
 /\\ / ___'_ __ _ _(_)_ __  __ _ \ \ \ \
( ( )\___ | '_ | '_| | '_ \/ _` | \ \ \ \
 \\/  ___)| |_)| | | | | || (_| |  ) ) ) )
  '  |____| .__|_| |_|_| |_\__, | / / / /
 =========|_|==============|___/=/_/_/_/

 :: Spring Boot ::                (v3.4.4)

2025-09-04T21:57:41.538+03:00  INFO 42336 --- [           main] .e.m.c.EmployeeControllerIntegrationTest : Starting EmployeeControllerIntegrationTest using Java 21.0.6 with PID 42336 (started by oleksandr.chulkin in C:\Users\oleksandr.chulkin\Documents\repo\modfac)
2025-09-04T21:57:41.538+03:00  INFO 42336 --- [           main] .e.m.c.EmployeeControllerIntegrationTest : No active profile set, falling back to 1 default profile: "default"
2025-09-04T21:57:41.636+03:00  INFO 42336 --- [           main] .s.d.r.c.RepositoryConfigurationDelegate : Bootstrapping Spring Data MongoDB repositories in DEFAULT mode.
2025-09-04T21:57:41.661+03:00  INFO 42336 --- [           main] .s.d.r.c.RepositoryConfigurationDelegate : Finished Spring Data repository scanning in 23 ms. Found 3 MongoDB repository interfaces.
2025-09-04T21:57:41.723+03:00  INFO 42336 --- [           main] org.mongodb.driver.client                : MongoClient with metadata {"application": {"name": "myAtlasClusterEDU"}, "driver": {"name": "mongo-java-driver|sync|spring-boot", "version": "5.2.1"}, "os": {"type": "Windows", "name": "Windows 11", "architecture": "amd64", "version": "10.0"}, "platform": "Java/Eclipse Adoptium/21.0.6+7-LTS"} created with settings MongoClientSettings{readPreference=primary, writeConcern=WriteConcern{w=majority, wTimeout=null ms, journal=null}, retryWrites=true, retryReads=true, readConcern=ReadConcern{level=null}, credential=MongoCredential{mechanism=null, userName='user', source='admin', password=<hidden>, mechanismProperties=<hidden>}, transportSettings=null, commandListeners=[], codecRegistry=ProvidersCodecRegistry{codecProviders=[ValueCodecProvider{}, BsonValueCodecProvider{}, DBRefCodecProvider{}, DBObjectCodecProvider{}, DocumentCodecProvider{}, CollectionCodecProvider{}, IterableCodecProvider{}, MapCodecProvider{}, GeoJsonCodecProvider{}, GridFSFileCodecProvider{}, Jsr310CodecProvider{}, JsonObjectCodecProvider{}, BsonCodecProvider{}, EnumCodecProvider{}, com.mongodb.client.model.mql.ExpressionCodecProvider@48928b57, com.mongodb.Jep395RecordCodecProvider@29088be1, com.mongodb.KotlinCodecProvider@1c09bb7a]}, loggerSettings=LoggerSettings{maxDocumentLength=1000}, clusterSettings={hosts=[127.0.0.1:27017], srvHost=pstt.vnida.mongodb.net, srvServiceName=mongodb, mode=MULTIPLE, requiredClusterType=REPLICA_SET, requiredReplicaSetName='atlas-vhs6cs-shard-0', serverSelector='null', clusterListeners='[]', serverSelectionTimeout='30000 ms', localThreshold='15 ms'}, socketSettings=SocketSettings{connectTimeoutMS=10000, readTimeoutMS=0, receiveBufferSize=0, proxySettings=ProxySettings{host=null, port=null, username=null, password=null}}, heartbeatSocketSettings=SocketSettings{connectTimeoutMS=10000, readTimeoutMS=10000, receiveBufferSize=0, proxySettings=ProxySettings{host=null, port=null, username=null, password=null}}, connectionPoolSettings=ConnectionPoolSettings{maxSize=100, minSize=0, maxWaitTimeMS=120000, maxConnectionLifeTimeMS=0, maxConnectionIdleTimeMS=0, maintenanceInitialDelayMS=0, maintenanceFrequencyMS=60000, connectionPoolListeners=[], maxConnecting=2}, serverSettings=ServerSettings{heartbeatFrequencyMS=10000, minHeartbeatFrequencyMS=500, serverMonitoringMode=AUTO, serverListeners='[]', serverMonitorListeners='[]'}, sslSettings=SslSettings{enabled=true, invalidHostNameAllowed=false, context=null}, applicationName='myAtlasClusterEDU', compressorList=[], uuidRepresentation=JAVA_LEGACY, serverApi=null, autoEncryptionSettings=null, dnsClient=null, inetAddressResolver=null, contextProvider=null, timeoutMS=null}
2025-09-04T21:57:41.738+03:00  INFO 42336 --- [ida.mongodb.net] org.mongodb.driver.cluster               : Adding discovered server pstt-shard-00-01.vnida.mongodb.net:27017 to client view of cluster
2025-09-04T21:57:41.740+03:00  INFO 42336 --- [ida.mongodb.net] org.mongodb.driver.cluster               : Adding discovered server pstt-shard-00-00.vnida.mongodb.net:27017 to client view of cluster
2025-09-04T21:57:41.743+03:00  INFO 42336 --- [ida.mongodb.net] org.mongodb.driver.cluster               : Adding discovered server pstt-shard-00-02.vnida.mongodb.net:27017 to client view of cluster
2025-09-04T21:57:41.779+03:00  INFO 42336 --- [           main] org.mongodb.driver.cluster               : Waiting for server to become available for operation with ID 51. Remaining time: 29999 ms. Selector: WritableServerSelector, topology description: {type=REPLICA_SET, servers=[{address=pstt-shard-00-00.vnida.mongodb.net:27017, type=UNKNOWN, state=CONNECTING}, {address=pstt-shard-00-01.vnida.mongodb.net:27017, type=UNKNOWN, state=CONNECTING}, {address=pstt-shard-00-02.vnida.mongodb.net:27017, type=UNKNOWN, state=CONNECTING}].
2025-09-04T21:57:41.956+03:00  INFO 42336 --- [ngodb.net:27017] org.mongodb.driver.cluster               : Monitor thread successfully connected to server with description ServerDescription{address=pstt-shard-00-01.vnida.mongodb.net:27017, type=REPLICA_SET_PRIMARY, cryptd=false, state=CONNECTED, ok=true, minWireVersion=0, maxWireVersion=25, maxDocumentSize=16777216, logicalSessionTimeoutMinutes=30, roundTripTimeNanos=144609700, minRoundTripTimeNanos=0, setName='atlas-vhs6cs-shard-0', canonicalAddress=pstt-shard-00-01.vnida.mongodb.net:27017, hosts=[pstt-shard-00-02.vnida.mongodb.net:27017, pstt-shard-00-00.vnida.mongodb.net:27017, pstt-shard-00-01.vnida.mongodb.net:27017], passives=[], arbiters=[], primary='pstt-shard-00-01.vnida.mongodb.net:27017', tagSet=TagSet{[Tag{name='availabilityZone', value='euw1-az2'}, Tag{name='diskState', value='READY'}, Tag{name='nodeType', value='ELECTABLE'}, Tag{name='provider', value='AWS'}, Tag{name='region', value='EU_WEST_1'}, Tag{name='workloadType', value='OPERATIONAL'}]}, electionId=7fffffff000000000000014d, setVersion=147, topologyVersion=TopologyVersion{processId=68b858ff473a156782756b34, counter=6}, lastWriteDate=Thu Sep 04 21:57:41 EEST 2025, lastUpdateTimeNanos=130052092823700}
2025-09-04T21:57:41.957+03:00  INFO 42336 --- [ngodb.net:27017] org.mongodb.driver.cluster               : Discovered replica set primary pstt-shard-00-01.vnida.mongodb.net:27017 with max election id 7fffffff000000000000014d and max set version 147
2025-09-04T21:57:41.960+03:00  INFO 42336 --- [ngodb.net:27017] org.mongodb.driver.cluster               : Monitor thread successfully connected to server with description ServerDescription{address=pstt-shard-00-00.vnida.mongodb.net:27017, type=REPLICA_SET_SECONDARY, cryptd=false, state=CONNECTED, ok=true, minWireVersion=0, maxWireVersion=25, maxDocumentSize=16777216, logicalSessionTimeoutMinutes=30, roundTripTimeNanos=145226200, minRoundTripTimeNanos=0, setName='atlas-vhs6cs-shard-0', canonicalAddress=pstt-shard-00-00.vnida.mongodb.net:27017, hosts=[pstt-shard-00-02.vnida.mongodb.net:27017, pstt-shard-00-00.vnida.mongodb.net:27017, pstt-shard-00-01.vnida.mongodb.net:27017], passives=[], arbiters=[], primary='pstt-shard-00-01.vnida.mongodb.net:27017', tagSet=TagSet{[Tag{name='availabilityZone', value='euw1-az1'}, Tag{name='diskState', value='READY'}, Tag{name='nodeType', value='ELECTABLE'}, Tag{name='provider', value='AWS'}, Tag{name='region', value='EU_WEST_1'}, Tag{name='workloadType', value='OPERATIONAL'}]}, electionId=null, setVersion=147, topologyVersion=TopologyVersion{processId=68b858c53e3723c5fc10f731, counter=4}, lastWriteDate=Thu Sep 04 21:57:41 EEST 2025, lastUpdateTimeNanos=130052097034800}
2025-09-04T21:57:41.965+03:00  INFO 42336 --- [ngodb.net:27017] org.mongodb.driver.cluster               : Monitor thread successfully connected to server with description ServerDescription{address=pstt-shard-00-02.vnida.mongodb.net:27017, type=REPLICA_SET_SECONDARY, cryptd=false, state=CONNECTED, ok=true, minWireVersion=0, maxWireVersion=25, maxDocumentSize=16777216, logicalSessionTimeoutMinutes=30, roundTripTimeNanos=146341500, minRoundTripTimeNanos=0, setName='atlas-vhs6cs-shard-0', canonicalAddress=pstt-shard-00-02.vnida.mongodb.net:27017, hosts=[pstt-shard-00-02.vnida.mongodb.net:27017, pstt-shard-00-00.vnida.mongodb.net:27017, pstt-shard-00-01.vnida.mongodb.net:27017], passives=[], arbiters=[], primary='pstt-shard-00-01.vnida.mongodb.net:27017', tagSet=TagSet{[Tag{name='availabilityZone', value='euw1-az3'}, Tag{name='diskState', value='READY'}, Tag{name='nodeType', value='ELECTABLE'}, Tag{name='provider', value='AWS'}, Tag{name='region', value='EU_WEST_1'}, Tag{name='workloadType', value='OPERATIONAL'}]}, electionId=null, setVersion=147, topologyVersion=TopologyVersion{processId=68b859396df152a897b48f35, counter=3}, lastWriteDate=Thu Sep 04 21:57:41 EEST 2025, lastUpdateTimeNanos=130052102663500}
2025-09-04T21:57:42.711+03:00  WARN 42336 --- [           main] c.e.modfac.config.MongoDBIndexConfig     : Atlas Search is not supported on the connected MongoDB cluster: Command failed with error 59 (CommandNotFound): 'command not found' on server pstt-shard-00-01.vnida.mongodb.net:27017. The full response is {"ok": 0, "errmsg": "command not found", "code": 59, "codeName": "CommandNotFound"}
2025-09-04T21:57:42.712+03:00  INFO 42336 --- [           main] c.e.modfac.config.MongoDBIndexConfig     : Skipping Atlas Search index creation as the cluster does not support it.
2025-09-04T21:57:42.783+03:00  INFO 42336 --- [           main] r$InitializeUserDetailsManagerConfigurer : Global AuthenticationManager configured with UserDetailsService bean with name customUserDetailsService
2025-09-04T21:57:42.833+03:00 DEBUG 42336 --- [           main] o.s.s.web.DefaultSecurityFilterChain     : Will secure any request with filters: DisableEncodeUrlFilter, WebAsyncManagerIntegrationFilter, SecurityContextHolderFilter, HeaderWriterFilter, CorsFilter, LogoutFilter, JwtAuthenticationFilter, RequestCacheAwareFilter, SecurityContextHolderAwareRequestFilter, AnonymousAuthenticationFilter, SessionManagementFilter, ExceptionTranslationFilter, AuthorizationFilter
2025-09-04T21:57:42.883+03:00  INFO 42336 --- [           main] o.s.b.t.m.w.SpringBootMockServletContext : Initializing Spring TestDispatcherServlet ''
2025-09-04T21:57:42.884+03:00  INFO 42336 --- [           main] o.s.t.web.servlet.TestDispatcherServlet  : Initializing Servlet ''
2025-09-04T21:57:42.884+03:00  INFO 42336 --- [           main] o.s.t.web.servlet.TestDispatcherServlet  : Completed initialization in 0 ms
2025-09-04T21:57:42.889+03:00  INFO 42336 --- [           main] .e.m.c.EmployeeControllerIntegrationTest : Started EmployeeControllerIntegrationTest in 1.371 seconds (process running for 13.431)
2025-09-04T21:57:42.895+03:00 DEBUG 42336 --- [           main] o.s.security.web.FilterChainProxy        : Securing POST /api/employees
]]></system-out>
  </testcase>
  <testcase name="onboardEmployee_whenAdminAndValidDto_shouldReturnCreatedAndEmployee" classname="com.example.modfac.controller.EmployeeControllerIntegrationTest" time="0.855">
    <system-out><![CDATA[
  .   ____          _            __ _ _
 /\\ / ___'_ __ _ _(_)_ __  __ _ \ \ \ \
( ( )\___ | '_ | '_| | '_ \/ _` | \ \ \ \
 \\/  ___)| |_)| | | | | || (_| |  ) ) ) )
  '  |____| .__|_| |_|_| |_\__, | / / / /
 =========|_|==============|___/=/_/_/_/

 :: Spring Boot ::                (v3.4.4)

2025-09-04T21:57:43.082+03:00  INFO 42336 --- [           main] .e.m.c.EmployeeControllerIntegrationTest : Starting EmployeeControllerIntegrationTest using Java 21.0.6 with PID 42336 (started by oleksandr.chulkin in C:\Users\oleksandr.chulkin\Documents\repo\modfac)
2025-09-04T21:57:43.082+03:00  INFO 42336 --- [           main] .e.m.c.EmployeeControllerIntegrationTest : No active profile set, falling back to 1 default profile: "default"
2025-09-04T21:57:43.195+03:00  INFO 42336 --- [           main] .s.d.r.c.RepositoryConfigurationDelegate : Bootstrapping Spring Data MongoDB repositories in DEFAULT mode.
2025-09-04T21:57:43.215+03:00  INFO 42336 --- [           main] .s.d.r.c.RepositoryConfigurationDelegate : Finished Spring Data repository scanning in 18 ms. Found 3 MongoDB repository interfaces.
2025-09-04T21:57:43.275+03:00  INFO 42336 --- [           main] org.mongodb.driver.client                : MongoClient with metadata {"application": {"name": "myAtlasClusterEDU"}, "driver": {"name": "mongo-java-driver|sync|spring-boot", "version": "5.2.1"}, "os": {"type": "Windows", "name": "Windows 11", "architecture": "amd64", "version": "10.0"}, "platform": "Java/Eclipse Adoptium/21.0.6+7-LTS"} created with settings MongoClientSettings{readPreference=primary, writeConcern=WriteConcern{w=majority, wTimeout=null ms, journal=null}, retryWrites=true, retryReads=true, readConcern=ReadConcern{level=null}, credential=MongoCredential{mechanism=null, userName='user', source='admin', password=<hidden>, mechanismProperties=<hidden>}, transportSettings=null, commandListeners=[], codecRegistry=ProvidersCodecRegistry{codecProviders=[ValueCodecProvider{}, BsonValueCodecProvider{}, DBRefCodecProvider{}, DBObjectCodecProvider{}, DocumentCodecProvider{}, CollectionCodecProvider{}, IterableCodecProvider{}, MapCodecProvider{}, GeoJsonCodecProvider{}, GridFSFileCodecProvider{}, Jsr310CodecProvider{}, JsonObjectCodecProvider{}, BsonCodecProvider{}, EnumCodecProvider{}, com.mongodb.client.model.mql.ExpressionCodecProvider@48928b57, com.mongodb.Jep395RecordCodecProvider@29088be1, com.mongodb.KotlinCodecProvider@1c09bb7a]}, loggerSettings=LoggerSettings{maxDocumentLength=1000}, clusterSettings={hosts=[127.0.0.1:27017], srvHost=pstt.vnida.mongodb.net, srvServiceName=mongodb, mode=MULTIPLE, requiredClusterType=REPLICA_SET, requiredReplicaSetName='atlas-vhs6cs-shard-0', serverSelector='null', clusterListeners='[]', serverSelectionTimeout='30000 ms', localThreshold='15 ms'}, socketSettings=SocketSettings{connectTimeoutMS=10000, readTimeoutMS=0, receiveBufferSize=0, proxySettings=ProxySettings{host=null, port=null, username=null, password=null}}, heartbeatSocketSettings=SocketSettings{connectTimeoutMS=10000, readTimeoutMS=10000, receiveBufferSize=0, proxySettings=ProxySettings{host=null, port=null, username=null, password=null}}, connectionPoolSettings=ConnectionPoolSettings{maxSize=100, minSize=0, maxWaitTimeMS=120000, maxConnectionLifeTimeMS=0, maxConnectionIdleTimeMS=0, maintenanceInitialDelayMS=0, maintenanceFrequencyMS=60000, connectionPoolListeners=[], maxConnecting=2}, serverSettings=ServerSettings{heartbeatFrequencyMS=10000, minHeartbeatFrequencyMS=500, serverMonitoringMode=AUTO, serverListeners='[]', serverMonitorListeners='[]'}, sslSettings=SslSettings{enabled=true, invalidHostNameAllowed=false, context=null}, applicationName='myAtlasClusterEDU', compressorList=[], uuidRepresentation=JAVA_LEGACY, serverApi=null, autoEncryptionSettings=null, dnsClient=null, inetAddressResolver=null, contextProvider=null, timeoutMS=null}
2025-09-04T21:57:43.292+03:00  INFO 42336 --- [ida.mongodb.net] org.mongodb.driver.cluster               : Adding discovered server pstt-shard-00-01.vnida.mongodb.net:27017 to client view of cluster
2025-09-04T21:57:43.295+03:00  INFO 42336 --- [ida.mongodb.net] org.mongodb.driver.cluster               : Adding discovered server pstt-shard-00-00.vnida.mongodb.net:27017 to client view of cluster
2025-09-04T21:57:43.296+03:00  INFO 42336 --- [ida.mongodb.net] org.mongodb.driver.cluster               : Adding discovered server pstt-shard-00-02.vnida.mongodb.net:27017 to client view of cluster
2025-09-04T21:57:43.302+03:00  INFO 42336 --- [           main] org.mongodb.driver.cluster               : Waiting for server to become available for operation with ID 66. Remaining time: 29999 ms. Selector: WritableServerSelector, topology description: {type=REPLICA_SET, servers=[{address=pstt-shard-00-00.vnida.mongodb.net:27017, type=UNKNOWN, state=CONNECTING}, {address=pstt-shard-00-01.vnida.mongodb.net:27017, type=UNKNOWN, state=CONNECTING}, {address=pstt-shard-00-02.vnida.mongodb.net:27017, type=UNKNOWN, state=CONNECTING}].
2025-09-04T21:57:43.518+03:00  INFO 42336 --- [ngodb.net:27017] org.mongodb.driver.cluster               : Monitor thread successfully connected to server with description ServerDescription{address=pstt-shard-00-02.vnida.mongodb.net:27017, type=REPLICA_SET_SECONDARY, cryptd=false, state=CONNECTED, ok=true, minWireVersion=0, maxWireVersion=25, maxDocumentSize=16777216, logicalSessionTimeoutMinutes=30, roundTripTimeNanos=150514900, minRoundTripTimeNanos=0, setName='atlas-vhs6cs-shard-0', canonicalAddress=pstt-shard-00-02.vnida.mongodb.net:27017, hosts=[pstt-shard-00-02.vnida.mongodb.net:27017, pstt-shard-00-00.vnida.mongodb.net:27017, pstt-shard-00-01.vnida.mongodb.net:27017], passives=[], arbiters=[], primary='pstt-shard-00-01.vnida.mongodb.net:27017', tagSet=TagSet{[Tag{name='availabilityZone', value='euw1-az3'}, Tag{name='diskState', value='READY'}, Tag{name='nodeType', value='ELECTABLE'}, Tag{name='provider', value='AWS'}, Tag{name='region', value='EU_WEST_1'}, Tag{name='workloadType', value='OPERATIONAL'}]}, electionId=null, setVersion=147, topologyVersion=TopologyVersion{processId=68b859396df152a897b48f35, counter=3}, lastWriteDate=Thu Sep 04 21:57:43 EEST 2025, lastUpdateTimeNanos=130053654998400}
2025-09-04T21:57:43.522+03:00  INFO 42336 --- [ngodb.net:27017] org.mongodb.driver.cluster               : Monitor thread successfully connected to server with description ServerDescription{address=pstt-shard-00-01.vnida.mongodb.net:27017, type=REPLICA_SET_PRIMARY, cryptd=false, state=CONNECTED, ok=true, minWireVersion=0, maxWireVersion=25, maxDocumentSize=16777216, logicalSessionTimeoutMinutes=30, roundTripTimeNanos=154135300, minRoundTripTimeNanos=0, setName='atlas-vhs6cs-shard-0', canonicalAddress=pstt-shard-00-01.vnida.mongodb.net:27017, hosts=[pstt-shard-00-02.vnida.mongodb.net:27017, pstt-shard-00-00.vnida.mongodb.net:27017, pstt-shard-00-01.vnida.mongodb.net:27017], passives=[], arbiters=[], primary='pstt-shard-00-01.vnida.mongodb.net:27017', tagSet=TagSet{[Tag{name='availabilityZone', value='euw1-az2'}, Tag{name='diskState', value='READY'}, Tag{name='nodeType', value='ELECTABLE'}, Tag{name='provider', value='AWS'}, Tag{name='region', value='EU_WEST_1'}, Tag{name='workloadType', value='OPERATIONAL'}]}, electionId=7fffffff000000000000014d, setVersion=147, topologyVersion=TopologyVersion{processId=68b858ff473a156782756b34, counter=6}, lastWriteDate=Thu Sep 04 21:57:43 EEST 2025, lastUpdateTimeNanos=130053659130800}
2025-09-04T21:57:43.523+03:00  INFO 42336 --- [ngodb.net:27017] org.mongodb.driver.cluster               : Monitor thread successfully connected to server with description ServerDescription{address=pstt-shard-00-00.vnida.mongodb.net:27017, type=REPLICA_SET_SECONDARY, cryptd=false, state=CONNECTED, ok=true, minWireVersion=0, maxWireVersion=25, maxDocumentSize=16777216, logicalSessionTimeoutMinutes=30, roundTripTimeNanos=153174000, minRoundTripTimeNanos=0, setName='atlas-vhs6cs-shard-0', canonicalAddress=pstt-shard-00-00.vnida.mongodb.net:27017, hosts=[pstt-shard-00-02.vnida.mongodb.net:27017, pstt-shard-00-00.vnida.mongodb.net:27017, pstt-shard-00-01.vnida.mongodb.net:27017], passives=[], arbiters=[], primary='pstt-shard-00-01.vnida.mongodb.net:27017', tagSet=TagSet{[Tag{name='availabilityZone', value='euw1-az1'}, Tag{name='diskState', value='READY'}, Tag{name='nodeType', value='ELECTABLE'}, Tag{name='provider', value='AWS'}, Tag{name='region', value='EU_WEST_1'}, Tag{name='workloadType', value='OPERATIONAL'}]}, electionId=null, setVersion=147, topologyVersion=TopologyVersion{processId=68b858c53e3723c5fc10f731, counter=4}, lastWriteDate=Thu Sep 04 21:57:43 EEST 2025, lastUpdateTimeNanos=130053659499000}
2025-09-04T21:57:43.524+03:00  INFO 42336 --- [ngodb.net:27017] org.mongodb.driver.cluster               : Discovered replica set primary pstt-shard-00-01.vnida.mongodb.net:27017 with max election id 7fffffff000000000000014d and max set version 147
2025-09-04T21:57:44.211+03:00  WARN 42336 --- [           main] c.e.modfac.config.MongoDBIndexConfig     : Atlas Search is not supported on the connected MongoDB cluster: Command failed with error 59 (CommandNotFound): 'command not found' on server pstt-shard-00-01.vnida.mongodb.net:27017. The full response is {"ok": 0, "errmsg": "command not found", "code": 59, "codeName": "CommandNotFound"}
2025-09-04T21:57:44.211+03:00  INFO 42336 --- [           main] c.e.modfac.config.MongoDBIndexConfig     : Skipping Atlas Search index creation as the cluster does not support it.
2025-09-04T21:57:44.287+03:00  INFO 42336 --- [           main] r$InitializeUserDetailsManagerConfigurer : Global AuthenticationManager configured with UserDetailsService bean with name customUserDetailsService
2025-09-04T21:57:44.325+03:00 DEBUG 42336 --- [           main] o.s.s.web.DefaultSecurityFilterChain     : Will secure any request with filters: DisableEncodeUrlFilter, WebAsyncManagerIntegrationFilter, SecurityContextHolderFilter, HeaderWriterFilter, CorsFilter, LogoutFilter, JwtAuthenticationFilter, RequestCacheAwareFilter, SecurityContextHolderAwareRequestFilter, AnonymousAuthenticationFilter, SessionManagementFilter, ExceptionTranslationFilter, AuthorizationFilter
2025-09-04T21:57:44.386+03:00  INFO 42336 --- [           main] o.s.b.t.m.w.SpringBootMockServletContext : Initializing Spring TestDispatcherServlet ''
2025-09-04T21:57:44.386+03:00  INFO 42336 --- [           main] o.s.t.web.servlet.TestDispatcherServlet  : Initializing Servlet ''
2025-09-04T21:57:44.387+03:00  INFO 42336 --- [           main] o.s.t.web.servlet.TestDispatcherServlet  : Completed initialization in 1 ms
2025-09-04T21:57:44.390+03:00  INFO 42336 --- [           main] .e.m.c.EmployeeControllerIntegrationTest : Started EmployeeControllerIntegrationTest in 1.343 seconds (process running for 14.933)
2025-09-04T21:57:44.493+03:00 DEBUG 42336 --- [           main] o.s.security.web.FilterChainProxy        : Securing POST /api/employees
2025-09-04T21:57:44.578+03:00 DEBUG 42336 --- [           main] o.s.security.web.FilterChainProxy        : Secured POST /api/employees
2025-09-04T21:57:44.596+03:00  INFO 42336 --- [           main] c.e.m.controller.EmployeeController      : Received request to onboard employee: John Doe
2025-09-04T21:57:44.596+03:00  INFO 42336 --- [           main] com.example.modfac.service.MainService   : Processing onboarding for employee: John Doe
2025-09-04T21:57:44.823+03:00  INFO 42336 --- [           main] c.e.modfac.service.EmployeeService       : Creating new employee record
2025-09-04T21:57:44.916+03:00  INFO 42336 --- [           main] c.e.modfac.service.EmployeeService       : Employee created successfully with ID: 68b9e128206cb139ee1e9774
]]></system-out>
  </testcase>
  <testcase name="onboardEmployee_whenUserAndValidDto_shouldReturn403Error" classname="com.example.modfac.controller.EmployeeControllerIntegrationTest" time="0.239">
    <system-out><![CDATA[
  .   ____          _            __ _ _
 /\\ / ___'_ __ _ _(_)_ __  __ _ \ \ \ \
( ( )\___ | '_ | '_| | '_ \/ _` | \ \ \ \
 \\/  ___)| |_)| | | | | || (_| |  ) ) ) )
  '  |____| .__|_| |_|_| |_\__, | / / / /
 =========|_|==============|___/=/_/_/_/

 :: Spring Boot ::                (v3.4.4)

2025-09-04T21:57:45.276+03:00  INFO 42336 --- [           main] .e.m.c.EmployeeControllerIntegrationTest : Starting EmployeeControllerIntegrationTest using Java 21.0.6 with PID 42336 (started by oleksandr.chulkin in C:\Users\oleksandr.chulkin\Documents\repo\modfac)
2025-09-04T21:57:45.276+03:00  INFO 42336 --- [           main] .e.m.c.EmployeeControllerIntegrationTest : No active profile set, falling back to 1 default profile: "default"
2025-09-04T21:57:45.396+03:00  INFO 42336 --- [           main] .s.d.r.c.RepositoryConfigurationDelegate : Bootstrapping Spring Data MongoDB repositories in DEFAULT mode.
2025-09-04T21:57:45.417+03:00  INFO 42336 --- [           main] .s.d.r.c.RepositoryConfigurationDelegate : Finished Spring Data repository scanning in 19 ms. Found 3 MongoDB repository interfaces.
2025-09-04T21:57:45.472+03:00  INFO 42336 --- [           main] org.mongodb.driver.client                : MongoClient with metadata {"application": {"name": "myAtlasClusterEDU"}, "driver": {"name": "mongo-java-driver|sync|spring-boot", "version": "5.2.1"}, "os": {"type": "Windows", "name": "Windows 11", "architecture": "amd64", "version": "10.0"}, "platform": "Java/Eclipse Adoptium/21.0.6+7-LTS"} created with settings MongoClientSettings{readPreference=primary, writeConcern=WriteConcern{w=majority, wTimeout=null ms, journal=null}, retryWrites=true, retryReads=true, readConcern=ReadConcern{level=null}, credential=MongoCredential{mechanism=null, userName='user', source='admin', password=<hidden>, mechanismProperties=<hidden>}, transportSettings=null, commandListeners=[], codecRegistry=ProvidersCodecRegistry{codecProviders=[ValueCodecProvider{}, BsonValueCodecProvider{}, DBRefCodecProvider{}, DBObjectCodecProvider{}, DocumentCodecProvider{}, CollectionCodecProvider{}, IterableCodecProvider{}, MapCodecProvider{}, GeoJsonCodecProvider{}, GridFSFileCodecProvider{}, Jsr310CodecProvider{}, JsonObjectCodecProvider{}, BsonCodecProvider{}, EnumCodecProvider{}, com.mongodb.client.model.mql.ExpressionCodecProvider@48928b57, com.mongodb.Jep395RecordCodecProvider@29088be1, com.mongodb.KotlinCodecProvider@1c09bb7a]}, loggerSettings=LoggerSettings{maxDocumentLength=1000}, clusterSettings={hosts=[127.0.0.1:27017], srvHost=pstt.vnida.mongodb.net, srvServiceName=mongodb, mode=MULTIPLE, requiredClusterType=REPLICA_SET, requiredReplicaSetName='atlas-vhs6cs-shard-0', serverSelector='null', clusterListeners='[]', serverSelectionTimeout='30000 ms', localThreshold='15 ms'}, socketSettings=SocketSettings{connectTimeoutMS=10000, readTimeoutMS=0, receiveBufferSize=0, proxySettings=ProxySettings{host=null, port=null, username=null, password=null}}, heartbeatSocketSettings=SocketSettings{connectTimeoutMS=10000, readTimeoutMS=10000, receiveBufferSize=0, proxySettings=ProxySettings{host=null, port=null, username=null, password=null}}, connectionPoolSettings=ConnectionPoolSettings{maxSize=100, minSize=0, maxWaitTimeMS=120000, maxConnectionLifeTimeMS=0, maxConnectionIdleTimeMS=0, maintenanceInitialDelayMS=0, maintenanceFrequencyMS=60000, connectionPoolListeners=[], maxConnecting=2}, serverSettings=ServerSettings{heartbeatFrequencyMS=10000, minHeartbeatFrequencyMS=500, serverMonitoringMode=AUTO, serverListeners='[]', serverMonitorListeners='[]'}, sslSettings=SslSettings{enabled=true, invalidHostNameAllowed=false, context=null}, applicationName='myAtlasClusterEDU', compressorList=[], uuidRepresentation=JAVA_LEGACY, serverApi=null, autoEncryptionSettings=null, dnsClient=null, inetAddressResolver=null, contextProvider=null, timeoutMS=null}
2025-09-04T21:57:45.483+03:00  INFO 42336 --- [ida.mongodb.net] org.mongodb.driver.cluster               : Adding discovered server pstt-shard-00-01.vnida.mongodb.net:27017 to client view of cluster
2025-09-04T21:57:45.485+03:00  INFO 42336 --- [ida.mongodb.net] org.mongodb.driver.cluster               : Adding discovered server pstt-shard-00-00.vnida.mongodb.net:27017 to client view of cluster
2025-09-04T21:57:45.486+03:00  INFO 42336 --- [ida.mongodb.net] org.mongodb.driver.cluster               : Adding discovered server pstt-shard-00-02.vnida.mongodb.net:27017 to client view of cluster
[...]
2025-09-04T21:57:46.404+03:00  WARN 42336 --- [           main] c.e.modfac.config.MongoDBIndexConfig     : Atlas Search is not supported on the connected MongoDB cluster: Command failed with error 59 (CommandNotFound): 'command not found' on server pstt-shard-00-01.vnida.mongodb.net:27017. The full response is {"ok": 0, "errmsg": "command not found", "code": 59, "codeName": "CommandNotFound"}
2025-09-04T21:57:46.405+03:00  INFO 42336 --- [           main] c.e.modfac.config.MongoDBIndexConfig     : Skipping Atlas Search index creation as the cluster does not support it.
2025-09-04T21:57:46.496+03:00  INFO 42336 --- [           main] r$InitializeUserDetailsManagerConfigurer : Global AuthenticationManager configured with UserDetailsService bean with name customUserDetailsService
2025-09-04T21:57:46.545+03:00 DEBUG 42336 --- [           main] o.s.s.web.DefaultSecurityFilterChain     : Will secure any request with filters: DisableEncodeUrlFilter, WebAsyncManagerIntegrationFilter, SecurityContextHolderFilter, HeaderWriterFilter, CorsFilter, LogoutFilter, JwtAuthenticationFilter, RequestCacheAwareFilter, SecurityContextHolderAwareRequestFilter, AnonymousAuthenticationFilter, SessionManagementFilter, ExceptionTranslationFilter, AuthorizationFilter
2025-09-04T21:57:46.612+03:00  INFO 42336 --- [           main] o.s.b.t.m.w.SpringBootMockServletContext : Initializing Spring TestDispatcherServlet ''
2025-09-04T21:57:46.612+03:00  INFO 42336 --- [           main] o.s.t.web.servlet.TestDispatcherServlet  : Initializing Servlet ''
2025-09-04T21:57:46.613+03:00  INFO 42336 --- [           main] o.s.t.web.servlet.TestDispatcherServlet  : Completed initialization in 1 ms
2025-09-04T21:57:46.617+03:00  INFO 42336 --- [           main] .e.m.c.EmployeeControllerIntegrationTest : Started EmployeeControllerIntegrationTest in 1.367 seconds (process running for 17.16)
2025-09-04T21:57:46.627+03:00 DEBUG 42336 --- [           main] o.s.security.web.FilterChainProxy        : Securing POST /api/employees
2025-09-04T21:57:46.701+03:00 ERROR 42336 --- [           main] c.e.m.security.JwtAuthenticationFilter   : Could not set user authentication in security context

org.springframework.security.core.userdetails.UsernameNotFoundException: User not found: user1
	at com.example.modfac.security.CustomUserDetailsService.lambda$loadUserByUsername$0(CustomUserDetailsService.java:23) ~[classes/:na]
	at java.base/java.util.Optional.orElseThrow(Optional.java:403) ~[na:na]
	at com.example.modfac.security.CustomUserDetailsService.loadUserByUsername(CustomUserDetailsService.java:23) ~[classes/:na]
	at com.example.modfac.security.JwtAuthenticationFilter.doFilterInternal(JwtAuthenticationFilter.java:39) ~[classes/:na]
	at org.springframework.web.filter.OncePerRequestFilter.doFilter(OncePerRequestFilter.java:116) ~[spring-web-6.2.5.jar:6.2.5]
	at org.springframework.security.web.FilterChainProxy$VirtualFilterChain.doFilter(FilterChainProxy.java:374) ~[spring-security-web-6.4.4.jar:6.4.4]
	at org.springframework.security.web.authentication.logout.LogoutFilter.doFilter(LogoutFilter.java:107) ~[spring-security-web-6.4.4.jar:6.4.4]
	at org.springframework.security.web.authentication.logout.LogoutFilter.doFilter(LogoutFilter.java:93) ~[spring-security-web-6.4.4.jar:6.4.4]
	at org.springframework.security.web.FilterChainProxy$VirtualFilterChain.doFilter(FilterChainProxy.java:374) ~[spring-security-web-6.4.4.jar:6.4.4]
	at org.springframework.web.filter.CorsFilter.doFilterInternal(CorsFilter.java:91) ~[spring-web-6.2.5.jar:6.2.5]
	at org.springframework.web.filter.OncePerRequestFilter.doFilter(OncePerRequestFilter.java:116) ~[spring-web-6.2.5.jar:6.2.5]
	at org.springframework.security.web.FilterChainProxy$VirtualFilterChain.doFilter(FilterChainProxy.java:374) ~[spring-security-web-6.4.4.jar:6.4.4]
	at org.springframework.security.web.header.HeaderWriterFilter.doHeadersAfter(HeaderWriterFilter.java:90) ~[spring-security-web-6.4.4.jar:6.4.4]
	at org.springframework.security.web.header.HeaderWriterFilter.doFilterInternal(HeaderWriterFilter.java:75) ~[spring-security-web-6.4.4.jar:6.4.4]
	at org.springframework.web.filter.OncePerRequestFilter.doFilter(OncePerRequestFilter.java:116) ~[spring-web-6.2.5.jar:6.2.5]
	at org.springframework.security.web.FilterChainProxy$VirtualFilterChain.doFilter(FilterChainProxy.java:374) ~[spring-security-web-6.4.4.jar:6.4.4]
	at org.springframework.security.web.context.SecurityContextHolderFilter.doFilter(SecurityContextHolderFilter.java:82) ~[spring-security-web-6.4.4.jar:6.4.4]
	at org.springframework.security.web.context.SecurityContextHolderFilter.doFilter(SecurityContextHolderFilter.java:69) ~[spring-security-web-6.4.4.jar:6.4.4]
	at org.springframework.security.web.FilterChainProxy$VirtualFilterChain.doFilter(FilterChainProxy.java:374) ~[spring-security-web-6.4.4.jar:6.4.4]
	at org.springframework.security.web.context.request.async.WebAsyncManagerIntegrationFilter.doFilterInternal(WebAsyncManagerIntegrationFilter.java:62) ~[spring-security-web-6.4.4.jar:6.4.4]
	at org.springframework.web.filter.OncePerRequestFilter.doFilter(OncePerRequestFilter.java:116) ~[spring-web-6.2.5.jar:6.2.5]
	at org.springframework.security.web.FilterChainProxy$VirtualFilterChain.doFilter(FilterChainProxy.java:374) ~[spring-security-web-6.4.4.jar:6.4.4]
	at org.springframework.security.web.session.DisableEncodeUrlFilter.doFilterInternal(DisableEncodeUrlFilter.java:42) ~[spring-security-web-6.4.4.jar:6.4.4]
	at org.springframework.web.filter.OncePerRequestFilter.doFilter(OncePerRequestFilter.java:116) ~[spring-web-6.2.5.jar:6.2.5]
	at org.springframework.security.web.FilterChainProxy$VirtualFilterChain.doFilter(FilterChainProxy.java:374) ~[spring-security-web-6.4.4.jar:6.4.4]
	at org.springframework.security.web.FilterChainProxy.doFilterInternal(FilterChainProxy.java:233) ~[spring-security-web-6.4.4.jar:6.4.4]
	at org.springframework.security.web.FilterChainProxy.doFilter(FilterChainProxy.java:191) ~[spring-security-web-6.4.4.jar:6.4.4]
	at org.springframework.web.filter.CompositeFilter$VirtualFilterChain.doFilter(CompositeFilter.java:113) ~[spring-web-6.2.5.jar:6.2.5]
	at org.springframework.web.servlet.handler.HandlerMappingIntrospector.lambda$createCacheFilter$3(HandlerMappingIntrospector.java:243) ~[spring-webmvc-6.2.5.jar:6.2.5]
	at org.springframework.web.filter.CompositeFilter$VirtualFilterChain.doFilter(CompositeFilter.java:113) ~[spring-web-6.2.5.jar:6.2.5]
	at org.springframework.web.filter.CompositeFilter.doFilter(CompositeFilter.java:74) ~[spring-web-6.2.5.jar:6.2.5]
	at org.springframework.security.config.annotation.web.configuration.WebMvcSecurityConfiguration$CompositeFilterChainProxy.doFilter(WebMvcSecurityConfiguration.java:238) ~[spring-security-config-6.4.4.jar:6.4.4]
	at org.springframework.web.filter.DelegatingFilterProxy.invokeDelegate(DelegatingFilterProxy.java:362) ~[spring-web-6.2.5.jar:6.2.5]
	at org.springframework.web.filter.DelegatingFilterProxy.doFilter(DelegatingFilterProxy.java:278) ~[spring-web-6.2.5.jar:6.2.5]
	at org.springframework.test.web.servlet.setup.MockMvcFilterDecorator.doFilter(MockMvcFilterDecorator.java:162) ~[spring-test-6.2.5.jar:6.2.5]
	at org.springframework.mock.web.MockFilterChain.doFilter(MockFilterChain.java:132) ~[spring-test-6.2.5.jar:6.2.5]
	at org.springframework.web.filter.RequestContextFilter.doFilterInternal(RequestContextFilter.java:100) ~[spring-web-6.2.5.jar:6.2.5]
	at org.springframework.web.filter.OncePerRequestFilter.doFilter(OncePerRequestFilter.java:116) ~[spring-web-6.2.5.jar:6.2.5]
	at org.springframework.test.web.servlet.setup.MockMvcFilterDecorator.doFilter(MockMvcFilterDecorator.java:162) ~[spring-test-6.2.5.jar:6.2.5]
	at org.springframework.mock.web.MockFilterChain.doFilter(MockFilterChain.java:132) ~[spring-test-6.2.5.jar:6.2.5]
	at org.springframework.web.filter.FormContentFilter.doFilterInternal(FormContentFilter.java:93) ~[spring-web-6.2.5.jar:6.2.5]
	at org.springframework.web.filter.OncePerRequestFilter.doFilter(OncePerRequestFilter.java:116) ~[spring-web-6.2.5.jar:6.2.5]
	at org.springframework.test.web.servlet.setup.MockMvcFilterDecorator.doFilter(MockMvcFilterDecorator.java:162) ~[spring-test-6.2.5.jar:6.2.5]
	at org.springframework.mock.web.MockFilterChain.doFilter(MockFilterChain.java:132) ~[spring-test-6.2.5.jar:6.2.5]
	at org.springframework.web.filter.CharacterEncodingFilter.doFilterInternal(CharacterEncodingFilter.java:201) ~[spring-web-6.2.5.jar:6.2.5]
	at org.springframework.web.filter.OncePerRequestFilter.doFilter(OncePerRequestFilter.java:116) ~[spring-web-6.2.5.jar:6.2.5]
	at org.springframework.test.web.servlet.setup.MockMvcFilterDecorator.doFilter(MockMvcFilterDecorator.java:162) ~[spring-test-6.2.5.jar:6.2.5]
	at org.springframework.mock.web.MockFilterChain.doFilter(MockFilterChain.java:132) ~[spring-test-6.2.5.jar:6.2.5]
	at org.springframework.test.web.servlet.MockMvc.perform(MockMvc.java:201) ~[spring-test-6.2.5.jar:6.2.5]
	at com.example.modfac.controller.EmployeeControllerIntegrationTest.onboardEmployee_whenUserAndValidDto_shouldReturn403Error(EmployeeControllerIntegrationTest.java:134) ~[test-classes/:na]
	at java.base/jdk.internal.reflect.DirectMethodHandleAccessor.invoke(DirectMethodHandleAccessor.java:103) ~[na:na]
	at java.base/java.lang.reflect.Method.invoke(Method.java:580) ~[na:na]
	at org.junit.platform.commons.util.ReflectionUtils.invokeMethod(ReflectionUtils.java:767) ~[junit-platform-commons-1.11.4.jar:1.11.4]
	at org.junit.jupiter.engine.execution.MethodInvocation.proceed(MethodInvocation.java:60) ~[junit-jupiter-engine-5.11.4.jar:5.11.4]
	at org.junit.jupiter.engine.execution.InvocationInterceptorChain$ValidatingInvocation.proceed(InvocationInterceptorChain.java:131) ~[junit-jupiter-engine-5.11.4.jar:5.11.4]
	at org.junit.jupiter.engine.extension.TimeoutExtension.intercept(TimeoutExtension.java:156) ~[junit-jupiter-engine-5.11.4.jar:5.11.4]
	at org.junit.jupiter.engine.extension.TimeoutExtension.interceptTestableMethod(TimeoutExtension.java:147) ~[junit-jupiter-engine-5.11.4.jar:5.11.4]
	at org.junit.jupiter.engine.extension.TimeoutExtension.interceptTestMethod(TimeoutExtension.java:86) ~[junit-jupiter-engine-5.11.4.jar:5.11.4]
	at org.junit.jupiter.engine.execution.InterceptingExecutableInvoker$ReflectiveInterceptorCall.lambda$ofVoidMethod$0(InterceptingExecutableInvoker.java:103) ~[junit-jupiter-engine-5.11.4.jar:5.11.4]
	at org.junit.jupiter.engine.execution.InterceptingExecutableInvoker.lambda$invoke$0(InterceptingExecutableInvoker.java:93) ~[junit-jupiter-engine-5.11.4.jar:5.11.4]
	at org.junit.jupiter.engine.execution.InvocationInterceptorChain$InterceptedInvocation.proceed(InvocationInterceptorChain.java:106) ~[junit-jupiter-engine-5.11.4.jar:5.11.4]
	at org.junit.jupiter.engine.execution.InvocationInterceptorChain.proceed(InvocationInterceptorChain.java:64) ~[junit-jupiter-engine-5.11.4.jar:5.11.4]
	at org.junit.jupiter.engine.execution.InvocationInterceptorChain.chainAndInvoke(InvocationInterceptorChain.java:45) ~[junit-jupiter-engine-5.11.4.jar:5.11.4]
	at org.junit.jupiter.engine.execution.InvocationInterceptorChain.invoke(InvocationInterceptorChain.java:37) ~[junit-jupiter-engine-5.11.4.jar:5.11.4]
	at org.junit.jupiter.engine.execution.InterceptingExecutableInvoker.invoke(InterceptingExecutableInvoker.java:92) ~[junit-jupiter-engine-5.11.4.jar:5.11.4]
	at org.junit.jupiter.engine.execution.InterceptingExecutableInvoker.invoke(InterceptingExecutableInvoker.java:86) ~[junit-jupiter-engine-5.11.4.jar:5.11.4]
	at org.junit.jupiter.engine.descriptor.TestMethodTestDescriptor.lambda$invokeTestMethod$8(TestMethodTestDescriptor.java:217) ~[junit-jupiter-engine-5.11.4.jar:5.11.4]
	at org.junit.platform.engine.support.hierarchical.ThrowableCollector.execute(ThrowableCollector.java:73) ~[junit-platform-engine-1.11.4.jar:1.11.4]
	at org.junit.jupiter.engine.descriptor.TestMethodTestDescriptor.invokeTestMethod(TestMethodTestDescriptor.java:213) ~[junit-jupiter-engine-5.11.4.jar:5.11.4]
	at org.junit.jupiter.engine.descriptor.TestMethodTestDescriptor.execute(TestMethodTestDescriptor.java:138) ~[junit-jupiter-engine-5.11.4.jar:5.11.4]
	at org.junit.jupiter.engine.descriptor.TestMethodTestDescriptor.execute(TestMethodTestDescriptor.java:68) ~[junit-jupiter-engine-5.11.4.jar:5.11.4]
	at org.junit.platform.engine.support.hierarchical.NodeTestTask.lambda$executeRecursively$6(NodeTestTask.java:156) ~[junit-platform-engine-1.11.4.jar:1.11.4]
	at org.junit.platform.engine.support.hierarchical.ThrowableCollector.execute(ThrowableCollector.java:73) ~[junit-platform-engine-1.11.4.jar:1.11.4]
	at org.junit.platform.engine.support.hierarchical.NodeTestTask.lambda$executeRecursively$8(NodeTestTask.java:146) ~[junit-platform-engine-1.11.4.jar:1.11.4]
	at org.junit.platform.engine.support.hierarchical.Node.around(Node.java:137) ~[junit-platform-engine-1.11.4.jar:1.11.4]
	at org.junit.platform.engine.support.hierarchical.NodeTestTask.lambda$executeRecursively$9(NodeTestTask.java:144) ~[junit-platform-engine-1.11.4.jar:1.11.4]
	at org.junit.platform.engine.support.hierarchical.ThrowableCollector.execute(ThrowableCollector.java:73) ~[junit-platform-engine-1.11.4.jar:1.11.4]
	at org.junit.platform.engine.support.hierarchical.NodeTestTask.executeRecursively(NodeTestTask.java:143) ~[junit-platform-engine-1.11.4.jar:1.11.4]
	at org.junit.platform.engine.support.hierarchical.NodeTestTask.execute(NodeTestTask.java:100) ~[junit-platform-engine-1.11.4.jar:1.11.4]
	at java.base/java.util.ArrayList.forEach(ArrayList.java:1596) ~[na:na]
	at org.junit.platform.engine.support.hierarchical.SameThreadHierarchicalTestExecutorService.invokeAll(SameThreadHierarchicalTestExecutorService.java:41) ~[junit-platform-engine-1.11.4.jar:1.11.4]
	at org.junit.platform.engine.support.hierarchical.NodeTestTask.lambda$executeRecursively$6(NodeTestTask.java:160) ~[junit-platform-engine-1.11.4.jar:1.11.4]
	at org.junit.platform.engine.support.hierarchical.ThrowableCollector.execute(ThrowableCollector.java:73) ~[junit-platform-engine-1.11.4.jar:1.11.4]
	at org.junit.platform.engine.support.hierarchical.NodeTestTask.lambda$executeRecursively$8(NodeTestTask.java:146) ~[junit-platform-engine-1.11.4.jar:1.11.4]
	at org.junit.platform.engine.support.hierarchical.Node.around(Node.java:137) ~[junit-platform-engine-1.11.4.jar:1.11.4]
	at org.junit.platform.engine.support.hierarchical.NodeTestTask.lambda$executeRecursively$9(NodeTestTask.java:144) ~[junit-platform-engine-1.11.4.jar:1.11.4]
	at org.junit.platform.engine.support.hierarchical.ThrowableCollector.execute(ThrowableCollector.java:73) ~[junit-platform-engine-1.11.4.jar:1.11.4]
	at org.junit.platform.engine.support.hierarchical.NodeTestTask.executeRecursively(NodeTestTask.java:143) ~[junit-platform-engine-1.11.4.jar:1.11.4]
	at org.junit.platform.engine.support.hierarchical.NodeTestTask.execute(NodeTestTask.java:100) ~[junit-platform-engine-1.11.4.jar:1.11.4]
	at java.base/java.util.ArrayList.forEach(ArrayList.java:1596) ~[na:na]
	at org.junit.platform.engine.support.hierarchical.SameThreadHierarchicalTestExecutorService.invokeAll(SameThreadHierarchicalTestExecutorService.java:41) ~[junit-platform-engine-1.11.4.jar:1.11.4]
	at org.junit.platform.engine.support.hierarchical.NodeTestTask.lambda$executeRecursively$6(NodeTestTask.java:160) ~[junit-platform-engine-1.11.4.jar:1.11.4]
	at org.junit.platform.engine.support.hierarchical.ThrowableCollector.execute(ThrowableCollector.java:73) ~[junit-platform-engine-1.11.4.jar:1.11.4]
	at org.junit.platform.engine.support.hierarchical.NodeTestTask.lambda$executeRecursively$8(NodeTestTask.java:146) ~[junit-platform-engine-1.11.4.jar:1.11.4]
	at org.junit.platform.engine.support.hierarchical.Node.around(Node.java:137) ~[junit-platform-engine-1.11.4.jar:1.11.4]
	at org.junit.platform.engine.support.hierarchical.NodeTestTask.lambda$executeRecursively$9(NodeTestTask.java:144) ~[junit-platform-engine-1.11.4.jar:1.11.4]
	at org.junit.platform.engine.support.hierarchical.ThrowableCollector.execute(ThrowableCollector.java:73) ~[junit-platform-engine-1.11.4.jar:1.11.4]
	at org.junit.platform.engine.support.hierarchical.NodeTestTask.executeRecursively(NodeTestTask.java:143) ~[junit-platform-engine-1.11.4.jar:1.11.4]
	at org.junit.platform.engine.support.hierarchical.NodeTestTask.execute(NodeTestTask.java:100) ~[junit-platform-engine-1.11.4.jar:1.11.4]
	at org.junit.platform.engine.support.hierarchical.SameThreadHierarchicalTestExecutorService.submit(SameThreadHierarchicalTestExecutorService.java:35) ~[junit-platform-engine-1.11.4.jar:1.11.4]
	at org.junit.platform.engine.support.hierarchical.HierarchicalTestExecutor.execute(HierarchicalTestExecutor.java:57) ~[junit-platform-engine-1.11.4.jar:1.11.4]
	at org.junit.platform.engine.support.hierarchical.HierarchicalTestEngine.execute(HierarchicalTestEngine.java:54) ~[junit-platform-engine-1.11.4.jar:1.11.4]
	at org.junit.platform.launcher.core.EngineExecutionOrchestrator.execute(EngineExecutionOrchestrator.java:198) ~[junit-platform-launcher-1.11.4.jar:1.11.4]
	at org.junit.platform.launcher.core.EngineExecutionOrchestrator.execute(EngineExecutionOrchestrator.java:169) ~[junit-platform-launcher-1.11.4.jar:1.11.4]
	at org.junit.platform.launcher.core.EngineExecutionOrchestrator.execute(EngineExecutionOrchestrator.java:93) ~[junit-platform-launcher-1.11.4.jar:1.11.4]
	at org.junit.platform.launcher.core.EngineExecutionOrchestrator.lambda$execute$0(EngineExecutionOrchestrator.java:58) ~[junit-platform-launcher-1.11.4.jar:1.11.4]
	at org.junit.platform.launcher.core.EngineExecutionOrchestrator.withInterceptedStreams(EngineExecutionOrchestrator.java:141) ~[junit-platform-launcher-1.11.4.jar:1.11.4]
	at org.junit.platform.launcher.core.EngineExecutionOrchestrator.execute(EngineExecutionOrchestrator.java:57) ~[junit-platform-launcher-1.11.4.jar:1.11.4]
	at org.junit.platform.launcher.core.DefaultLauncher.execute(DefaultLauncher.java:103) ~[junit-platform-launcher-1.11.4.jar:1.11.4]
	at org.junit.platform.launcher.core.DefaultLauncher.execute(DefaultLauncher.java:85) ~[junit-platform-launcher-1.11.4.jar:1.11.4]
	at org.junit.platform.launcher.core.DelegatingLauncher.execute(DelegatingLauncher.java:47) ~[junit-platform-launcher-1.11.4.jar:1.11.4]
	at org.apache.maven.surefire.junitplatform.LazyLauncher.execute(LazyLauncher.java:56) ~[surefire-junit-platform-3.5.2.jar:3.5.2]
	at org.apache.maven.surefire.junitplatform.JUnitPlatformProvider.execute(JUnitPlatformProvider.java:184) ~[surefire-junit-platform-3.5.2.jar:3.5.2]
	at org.apache.maven.surefire.junitplatform.JUnitPlatformProvider.invokeAllTests(JUnitPlatformProvider.java:148) ~[surefire-junit-platform-3.5.2.jar:3.5.2]
	at org.apache.maven.surefire.junitplatform.JUnitPlatformProvider.invoke(JUnitPlatformProvider.java:122) ~[surefire-junit-platform-3.5.2.jar:3.5.2]
	at org.apache.maven.surefire.booter.ForkedBooter.runSuitesInProcess(ForkedBooter.java:385) ~[surefire-booter-3.5.2.jar:3.5.2]
	at org.apache.maven.surefire.booter.ForkedBooter.execute(ForkedBooter.java:162) ~[surefire-booter-3.5.2.jar:3.5.2]
	at org.apache.maven.surefire.booter.ForkedBooter.run(ForkedBooter.java:507) ~[surefire-booter-3.5.2.jar:3.5.2]
	at org.apache.maven.surefire.booter.ForkedBooter.main(ForkedBooter.java:495) ~[surefire-booter-3.5.2.jar:3.5.2]

2025-09-04T21:57:46.704+03:00 DEBUG 42336 --- [           main] o.s.s.w.access.AccessDeniedHandlerImpl   : Responding with 403 status code
]]></system-out>
  </testcase>
</testsuite>